2018-08-08 20:11:21,436 WARN util.NativeCodeLoader: Unable to load native-hadoop library for your platform... using builtin-java classes where applicable
2018-08-08 20:11:22,493 INFO client.RMProxy: Connecting to ResourceManager at /0.0.0.0:8032
2018-08-08 20:11:23,134 INFO mapreduce.JobResourceUploader: Disabling Erasure Coding for path: /tmp/hadoop-yarn/staging/sc306/.staging/job_1531350420733_0476
2018-08-08 20:11:23,357 INFO input.FileInputFormat: Total input files to process : 1
2018-08-08 20:11:23,431 INFO mapreduce.JobSubmitter: number of splits:131
2018-08-08 20:11:23,469 INFO Configuration.deprecation: yarn.resourcemanager.system-metrics-publisher.enabled is deprecated. Instead, use yarn.system-metrics-publisher.enabled
2018-08-08 20:11:23,577 INFO mapreduce.JobSubmitter: Submitting tokens for job: job_1531350420733_0476
2018-08-08 20:11:23,579 INFO mapreduce.JobSubmitter: Executing with tokens: []
2018-08-08 20:11:23,783 INFO conf.Configuration: resource-types.xml not found
2018-08-08 20:11:23,784 INFO resource.ResourceUtils: Unable to find 'resource-types.xml'.
2018-08-08 20:11:23,855 INFO impl.YarnClientImpl: Submitted application application_1531350420733_0476
2018-08-08 20:11:23,900 INFO mapreduce.Job: The url to track the job: http://localhost:8088/proxy/application_1531350420733_0476/
2018-08-08 20:11:23,901 INFO mapreduce.Job: Running job: job_1531350420733_0476
2018-08-08 20:11:32,005 INFO mapreduce.Job: Job job_1531350420733_0476 running in uber mode : false
2018-08-08 20:11:32,006 INFO mapreduce.Job:  map 0% reduce 0%
2018-08-08 20:11:44,134 INFO mapreduce.Job:  map 2% reduce 0%
2018-08-08 20:11:54,228 INFO mapreduce.Job:  map 3% reduce 0%
2018-08-08 20:11:55,233 INFO mapreduce.Job:  map 4% reduce 0%
2018-08-08 20:11:56,238 INFO mapreduce.Job:  map 5% reduce 0%
2018-08-08 20:12:06,318 INFO mapreduce.Job:  map 6% reduce 0%
2018-08-08 20:12:07,323 INFO mapreduce.Job:  map 7% reduce 0%
2018-08-08 20:12:16,376 INFO mapreduce.Job:  map 8% reduce 0%
2018-08-08 20:12:18,391 INFO mapreduce.Job:  map 9% reduce 0%
2018-08-08 20:12:28,464 INFO mapreduce.Job:  map 11% reduce 0%
2018-08-08 20:12:39,553 INFO mapreduce.Job:  map 13% reduce 0%
2018-08-08 20:12:40,558 INFO mapreduce.Job:  map 14% reduce 0%
2018-08-08 20:12:49,778 INFO mapreduce.Job:  map 15% reduce 0%
2018-08-08 20:12:51,792 INFO mapreduce.Job:  map 16% reduce 0%
2018-08-08 20:13:00,847 INFO mapreduce.Job:  map 17% reduce 0%
2018-08-08 20:13:01,852 INFO mapreduce.Job:  map 18% reduce 0%
2018-08-08 20:13:10,903 INFO mapreduce.Job:  map 19% reduce 0%
2018-08-08 20:13:11,910 INFO mapreduce.Job:  map 20% reduce 0%
2018-08-08 20:13:14,926 INFO mapreduce.Job:  map 21% reduce 0%
2018-08-08 20:13:23,985 INFO mapreduce.Job:  map 22% reduce 0%
2018-08-08 20:13:25,995 INFO mapreduce.Job:  map 23% reduce 0%
2018-08-08 20:13:34,043 INFO mapreduce.Job:  map 24% reduce 0%
2018-08-08 20:13:37,060 INFO mapreduce.Job:  map 25% reduce 0%
2018-08-08 20:13:44,108 INFO mapreduce.Job:  map 26% reduce 0%
2018-08-08 20:13:45,114 INFO mapreduce.Job:  map 27% reduce 0%
2018-08-08 20:13:56,170 INFO mapreduce.Job:  map 28% reduce 0%
2018-08-08 20:13:57,176 INFO mapreduce.Job:  map 29% reduce 0%
2018-08-08 20:13:59,191 INFO mapreduce.Job:  map 30% reduce 0%
2018-08-08 20:14:07,243 INFO mapreduce.Job:  map 31% reduce 0%
2018-08-08 20:14:10,259 INFO mapreduce.Job:  map 32% reduce 0%
2018-08-08 20:14:17,099 INFO mapreduce.Job:  map 33% reduce 0%
2018-08-08 20:14:19,117 INFO mapreduce.Job:  map 34% reduce 0%
2018-08-08 20:14:29,166 INFO mapreduce.Job:  map 35% reduce 0%
2018-08-08 20:14:30,170 INFO mapreduce.Job:  map 36% reduce 0%
2018-08-08 20:14:32,178 INFO mapreduce.Job:  map 37% reduce 0%
2018-08-08 20:14:41,239 INFO mapreduce.Job:  map 38% reduce 0%
2018-08-08 20:14:43,250 INFO mapreduce.Job:  map 39% reduce 0%
2018-08-08 20:14:50,286 INFO mapreduce.Job:  map 40% reduce 0%
2018-08-08 20:14:59,763 INFO mapreduce.Job:  map 40% reduce 13%
2018-08-08 20:15:01,774 INFO mapreduce.Job:  map 41% reduce 13%
2018-08-08 20:15:02,779 INFO mapreduce.Job:  map 42% reduce 13%
2018-08-08 20:15:05,791 INFO mapreduce.Job:  map 42% reduce 14%
2018-08-08 20:15:11,816 INFO mapreduce.Job:  map 43% reduce 14%
2018-08-08 20:15:12,820 INFO mapreduce.Job:  map 44% reduce 14%
2018-08-08 20:15:17,843 INFO mapreduce.Job:  map 44% reduce 15%
2018-08-08 20:15:22,887 INFO mapreduce.Job:  map 45% reduce 15%
2018-08-08 20:15:32,137 INFO mapreduce.Job:  map 46% reduce 15%
2018-08-08 20:15:33,141 INFO mapreduce.Job:  map 47% reduce 15%
2018-08-08 20:15:35,149 INFO mapreduce.Job:  map 47% reduce 16%
2018-08-08 20:15:44,186 INFO mapreduce.Job:  map 48% reduce 16%
2018-08-08 20:15:52,223 INFO mapreduce.Job:  map 49% reduce 16%
2018-08-08 20:15:54,231 INFO mapreduce.Job:  map 50% reduce 16%
2018-08-08 20:15:59,251 INFO mapreduce.Job:  map 50% reduce 17%
2018-08-08 20:16:04,271 INFO mapreduce.Job:  map 51% reduce 17%
2018-08-08 20:16:13,301 INFO mapreduce.Job:  map 52% reduce 17%
2018-08-08 20:16:14,305 INFO mapreduce.Job:  map 53% reduce 17%
2018-08-08 20:16:17,318 INFO mapreduce.Job:  map 53% reduce 18%
2018-08-08 20:16:24,343 INFO mapreduce.Job:  map 54% reduce 18%
2018-08-08 20:16:33,376 INFO mapreduce.Job:  map 56% reduce 18%
2018-08-08 20:16:35,387 INFO mapreduce.Job:  map 56% reduce 19%
2018-08-08 20:16:44,419 INFO mapreduce.Job:  map 57% reduce 19%
2018-08-08 20:16:53,454 INFO mapreduce.Job:  map 59% reduce 19%
2018-08-08 20:16:59,478 INFO mapreduce.Job:  map 59% reduce 20%
2018-08-08 20:17:03,493 INFO mapreduce.Job:  map 60% reduce 20%
2018-08-08 20:17:13,690 INFO mapreduce.Job:  map 62% reduce 20%
2018-08-08 20:17:18,710 INFO mapreduce.Job:  map 62% reduce 21%
2018-08-08 20:17:23,728 INFO mapreduce.Job:  map 63% reduce 21%
2018-08-08 20:17:33,765 INFO mapreduce.Job:  map 65% reduce 21%
2018-08-08 20:17:36,774 INFO mapreduce.Job:  map 65% reduce 22%
2018-08-08 20:17:44,802 INFO mapreduce.Job:  map 66% reduce 22%
2018-08-08 20:17:55,841 INFO mapreduce.Job:  map 68% reduce 22%
2018-08-08 20:18:00,867 INFO mapreduce.Job:  map 68% reduce 23%
2018-08-08 20:18:04,878 INFO mapreduce.Job:  map 69% reduce 23%
2018-08-08 20:18:15,917 INFO mapreduce.Job:  map 71% reduce 23%
2018-08-08 20:18:18,927 INFO mapreduce.Job:  map 71% reduce 24%
2018-08-08 20:18:25,950 INFO mapreduce.Job:  map 73% reduce 24%
2018-08-08 20:18:36,989 INFO mapreduce.Job:  map 74% reduce 24%
2018-08-08 20:18:43,007 INFO mapreduce.Job:  map 74% reduce 25%
2018-08-08 20:18:46,016 INFO mapreduce.Job:  map 75% reduce 25%
2018-08-08 20:18:47,020 INFO mapreduce.Job:  map 76% reduce 25%
2018-08-08 20:18:56,052 INFO mapreduce.Job:  map 77% reduce 25%
2018-08-08 20:19:01,068 INFO mapreduce.Job:  map 77% reduce 26%
2018-08-08 20:19:05,083 INFO mapreduce.Job:  map 78% reduce 26%
2018-08-08 20:19:06,088 INFO mapreduce.Job:  map 79% reduce 26%
2018-08-08 20:19:16,121 INFO mapreduce.Job:  map 80% reduce 26%
2018-08-08 20:19:19,132 INFO mapreduce.Job:  map 80% reduce 27%
2018-08-08 20:19:26,160 INFO mapreduce.Job:  map 82% reduce 27%
2018-08-08 20:19:36,194 INFO mapreduce.Job:  map 83% reduce 27%
2018-08-08 20:19:43,221 INFO mapreduce.Job:  map 83% reduce 28%
2018-08-08 20:19:47,233 INFO mapreduce.Job:  map 85% reduce 28%
2018-08-08 20:19:58,266 INFO mapreduce.Job:  map 86% reduce 28%
2018-08-08 20:20:01,275 INFO mapreduce.Job:  map 86% reduce 29%
2018-08-08 20:20:07,296 INFO mapreduce.Job:  map 87% reduce 29%
2018-08-08 20:20:08,300 INFO mapreduce.Job:  map 88% reduce 29%
2018-08-08 20:20:17,334 INFO mapreduce.Job:  map 89% reduce 29%
2018-08-08 20:20:19,340 INFO mapreduce.Job:  map 89% reduce 30%
2018-08-08 20:20:27,366 INFO mapreduce.Job:  map 90% reduce 30%
2018-08-08 20:20:30,376 INFO mapreduce.Job:  map 91% reduce 30%
2018-08-08 20:20:37,403 INFO mapreduce.Job:  map 92% reduce 30%
2018-08-08 20:20:43,423 INFO mapreduce.Job:  map 92% reduce 31%
2018-08-08 20:20:48,444 INFO mapreduce.Job:  map 93% reduce 31%
2018-08-08 20:20:51,454 INFO mapreduce.Job:  map 94% reduce 31%
2018-08-08 20:20:58,476 INFO mapreduce.Job:  map 95% reduce 31%
2018-08-08 20:21:01,485 INFO mapreduce.Job:  map 95% reduce 32%
2018-08-08 20:21:08,506 INFO mapreduce.Job:  map 96% reduce 32%
2018-08-08 20:21:13,523 INFO mapreduce.Job:  map 97% reduce 32%
2018-08-08 20:21:18,542 INFO mapreduce.Job:  map 98% reduce 32%
2018-08-08 20:21:25,568 INFO mapreduce.Job:  map 98% reduce 33%
2018-08-08 20:21:28,577 INFO mapreduce.Job:  map 99% reduce 33%
2018-08-08 20:21:31,586 INFO mapreduce.Job:  map 100% reduce 100%
2018-08-08 20:21:32,592 INFO mapreduce.Job: Job job_1531350420733_0476 completed successfully
2018-08-08 20:21:32,716 INFO mapreduce.Job: Counters: 62
	File System Counters
		FILE: Number of bytes read=44022
		FILE: Number of bytes written=27511393
		FILE: Number of read operations=0
		FILE: Number of large read operations=0
		FILE: Number of write operations=0
		HDFS: Number of bytes read=17505252407
		HDFS: Number of bytes written=537
		HDFS: Number of read operations=398
		HDFS: Number of large read operations=0
		HDFS: Number of write operations=2
	Job Counters 
		Killed map tasks=1
		Launched map tasks=131
		Launched reduce tasks=1
		Data-local map tasks=131
		Total time spent by all maps in occupied slots (ms)=2581418
		Total time spent by all reduces in occupied slots (ms)=1224681
		Total time spent by all map tasks (ms)=1290709
		Total time spent by all reduce tasks (ms)=408227
		Total vcore-milliseconds taken by all map tasks=1290709
		Total vcore-milliseconds taken by all reduce tasks=408227
		Total megabyte-milliseconds taken by all map tasks=7930116096
		Total megabyte-milliseconds taken by all reduce tasks=3344195584
	Map-Reduce Framework
		Time taken to read_SC (MILLIS)=113588
		Time taken to write_SC (MILLIS)=120
		Time taken to collect_SC (MILLIS)=40070
		Time taken to spill_SC (MILLIS)=62599
		Time taken to merge_SC (MILLIS)=1315
		Time taken to shuffle_SC (MILLIS)=404559
		Map input records=66432644
		Map output records=66432641
		Map output bytes=797191692
		Map output materialized bytes=44802
		Input split bytes=15982
		Combine input records=66432641
		Combine output records=3144
		Reduce input groups=24
		Reduce shuffle bytes=44802
		Reduce input records=3144
		Reduce output records=24
		Spilled Records=6288
		Shuffled Maps =131
		Failed Shuffles=0
		Merged Map outputs=131
		GC time elapsed (ms)=21304
		CPU time spent (ms)=1291540
		Physical memory (bytes) snapshot=99223834624
		Virtual memory (bytes) snapshot=532611497984
		Total committed heap usage (bytes)=100457775104
		Peak Map Physical memory (bytes)=862539776
		Peak Map Virtual memory (bytes)=4012736512
		Peak Reduce Physical memory (bytes)=317919232
		Peak Reduce Virtual memory (bytes)=8899739648
	Shuffle Errors
		BAD_ID=0
		CONNECTION=0
		IO_ERROR=0
		WRONG_LENGTH=0
		WRONG_MAP=0
		WRONG_REDUCE=0
	bdl.standrews.ac.uk.AverageDriver$MAP_RED_CUSTOM
		MAP_TIME_MILLIS=617501
		REDUCE_TIME_MILLIS=23578
	File Input Format Counters 
		Bytes Read=17505236425
	File Output Format Counters 
		Bytes Written=537

