2018-08-09 13:47:10,961 WARN util.NativeCodeLoader: Unable to load native-hadoop library for your platform... using builtin-java classes where applicable
2018-08-09 13:47:12,017 INFO client.RMProxy: Connecting to ResourceManager at /0.0.0.0:8032
2018-08-09 13:47:12,644 INFO mapreduce.JobResourceUploader: Disabling Erasure Coding for path: /tmp/hadoop-yarn/staging/sc306/.staging/job_1531350420733_0484
2018-08-09 13:47:12,867 INFO input.FileInputFormat: Total input files to process : 1
2018-08-09 13:47:12,940 INFO mapreduce.JobSubmitter: number of splits:131
2018-08-09 13:47:12,978 INFO Configuration.deprecation: yarn.resourcemanager.system-metrics-publisher.enabled is deprecated. Instead, use yarn.system-metrics-publisher.enabled
2018-08-09 13:47:13,083 INFO mapreduce.JobSubmitter: Submitting tokens for job: job_1531350420733_0484
2018-08-09 13:47:13,085 INFO mapreduce.JobSubmitter: Executing with tokens: []
2018-08-09 13:47:13,291 INFO conf.Configuration: resource-types.xml not found
2018-08-09 13:47:13,292 INFO resource.ResourceUtils: Unable to find 'resource-types.xml'.
2018-08-09 13:47:13,363 INFO impl.YarnClientImpl: Submitted application application_1531350420733_0484
2018-08-09 13:47:13,407 INFO mapreduce.Job: The url to track the job: http://localhost:8088/proxy/application_1531350420733_0484/
2018-08-09 13:47:13,408 INFO mapreduce.Job: Running job: job_1531350420733_0484
2018-08-09 13:47:20,523 INFO mapreduce.Job: Job job_1531350420733_0484 running in uber mode : false
2018-08-09 13:47:20,525 INFO mapreduce.Job:  map 0% reduce 0%
2018-08-09 13:47:33,449 INFO mapreduce.Job:  map 2% reduce 0%
2018-08-09 13:47:44,537 INFO mapreduce.Job:  map 5% reduce 0%
2018-08-09 13:47:55,615 INFO mapreduce.Job:  map 7% reduce 0%
2018-08-09 13:48:03,666 INFO mapreduce.Job:  map 8% reduce 0%
2018-08-09 13:48:06,689 INFO mapreduce.Job:  map 9% reduce 0%
2018-08-09 13:48:13,728 INFO mapreduce.Job:  map 10% reduce 0%
2018-08-09 13:48:16,746 INFO mapreduce.Job:  map 11% reduce 0%
2018-08-09 13:48:23,788 INFO mapreduce.Job:  map 12% reduce 0%
2018-08-09 13:48:26,810 INFO mapreduce.Job:  map 14% reduce 0%
2018-08-09 13:48:36,864 INFO mapreduce.Job:  map 15% reduce 0%
2018-08-09 13:48:37,871 INFO mapreduce.Job:  map 16% reduce 0%
2018-08-09 13:48:45,920 INFO mapreduce.Job:  map 17% reduce 0%
2018-08-09 13:48:46,925 INFO mapreduce.Job:  map 18% reduce 0%
2018-08-09 13:48:55,999 INFO mapreduce.Job:  map 19% reduce 0%
2018-08-09 13:48:57,006 INFO mapreduce.Job:  map 20% reduce 0%
2018-08-09 13:48:59,016 INFO mapreduce.Job:  map 21% reduce 0%
2018-08-09 13:49:08,071 INFO mapreduce.Job:  map 23% reduce 0%
2018-08-09 13:49:17,128 INFO mapreduce.Job:  map 24% reduce 0%
2018-08-09 13:49:19,140 INFO mapreduce.Job:  map 25% reduce 0%
2018-08-09 13:49:26,188 INFO mapreduce.Job:  map 26% reduce 0%
2018-08-09 13:49:28,201 INFO mapreduce.Job:  map 27% reduce 0%
2018-08-09 13:49:36,250 INFO mapreduce.Job:  map 28% reduce 0%
2018-08-09 13:49:38,266 INFO mapreduce.Job:  map 29% reduce 0%
2018-08-09 13:49:39,285 INFO mapreduce.Job:  map 30% reduce 0%
2018-08-09 13:49:46,316 INFO mapreduce.Job:  map 31% reduce 0%
2018-08-09 13:49:49,338 INFO mapreduce.Job:  map 32% reduce 0%
2018-08-09 13:49:58,388 INFO mapreduce.Job:  map 33% reduce 0%
2018-08-09 13:49:59,395 INFO mapreduce.Job:  map 34% reduce 0%
2018-08-09 13:50:08,440 INFO mapreduce.Job:  map 35% reduce 0%
2018-08-09 13:50:10,454 INFO mapreduce.Job:  map 37% reduce 0%
2018-08-09 13:50:19,506 INFO mapreduce.Job:  map 38% reduce 0%
2018-08-09 13:50:20,511 INFO mapreduce.Job:  map 39% reduce 0%
2018-08-09 13:50:29,561 INFO mapreduce.Job:  map 40% reduce 0%
2018-08-09 13:50:31,590 INFO mapreduce.Job:  map 41% reduce 0%
2018-08-09 13:50:39,650 INFO mapreduce.Job:  map 42% reduce 0%
2018-08-09 13:50:40,654 INFO mapreduce.Job:  map 43% reduce 0%
2018-08-09 13:50:44,669 INFO mapreduce.Job:  map 43% reduce 14%
2018-08-09 13:50:49,695 INFO mapreduce.Job:  map 44% reduce 14%
2018-08-09 13:50:50,700 INFO mapreduce.Job:  map 44% reduce 15%
2018-08-09 13:50:57,739 INFO mapreduce.Job:  map 45% reduce 15%
2018-08-09 13:50:58,743 INFO mapreduce.Job:  map 46% reduce 15%
2018-08-09 13:51:06,774 INFO mapreduce.Job:  map 47% reduce 15%
2018-08-09 13:51:08,781 INFO mapreduce.Job:  map 47% reduce 16%
2018-08-09 13:51:15,810 INFO mapreduce.Job:  map 48% reduce 16%
2018-08-09 13:51:17,818 INFO mapreduce.Job:  map 49% reduce 16%
2018-08-09 13:51:24,852 INFO mapreduce.Job:  map 50% reduce 16%
2018-08-09 13:51:26,860 INFO mapreduce.Job:  map 50% reduce 17%
2018-08-09 13:51:33,888 INFO mapreduce.Job:  map 51% reduce 17%
2018-08-09 13:51:34,891 INFO mapreduce.Job:  map 52% reduce 17%
2018-08-09 13:51:43,931 INFO mapreduce.Job:  map 53% reduce 17%
2018-08-09 13:51:44,935 INFO mapreduce.Job:  map 53% reduce 18%
2018-08-09 13:51:52,964 INFO mapreduce.Job:  map 55% reduce 18%
2018-08-09 13:52:02,002 INFO mapreduce.Job:  map 56% reduce 18%
2018-08-09 13:52:09,028 INFO mapreduce.Job:  map 56% reduce 19%
2018-08-09 13:52:11,036 INFO mapreduce.Job:  map 57% reduce 19%
2018-08-09 13:52:12,041 INFO mapreduce.Job:  map 58% reduce 19%
2018-08-09 13:52:20,068 INFO mapreduce.Job:  map 60% reduce 19%
2018-08-09 13:52:27,092 INFO mapreduce.Job:  map 60% reduce 20%
2018-08-09 13:52:30,106 INFO mapreduce.Job:  map 61% reduce 20%
2018-08-09 13:52:38,137 INFO mapreduce.Job:  map 63% reduce 20%
2018-08-09 13:52:39,142 INFO mapreduce.Job:  map 63% reduce 21%
2018-08-09 13:52:47,180 INFO mapreduce.Job:  map 64% reduce 21%
2018-08-09 13:52:57,216 INFO mapreduce.Job:  map 66% reduce 22%
2018-08-09 13:53:05,945 INFO mapreduce.Job:  map 67% reduce 22%
2018-08-09 13:53:15,983 INFO mapreduce.Job:  map 69% reduce 22%
2018-08-09 13:53:22,000 INFO mapreduce.Job:  map 69% reduce 23%
2018-08-09 13:53:25,009 INFO mapreduce.Job:  map 70% reduce 23%
2018-08-09 13:53:34,069 INFO mapreduce.Job:  map 72% reduce 23%
2018-08-09 13:53:40,137 INFO mapreduce.Job:  map 72% reduce 24%
2018-08-09 13:53:42,143 INFO mapreduce.Job:  map 73% reduce 24%
2018-08-09 13:53:52,187 INFO mapreduce.Job:  map 74% reduce 25%
2018-08-09 13:53:53,191 INFO mapreduce.Job:  map 75% reduce 25%
2018-08-09 13:54:01,218 INFO mapreduce.Job:  map 76% reduce 25%
2018-08-09 13:54:10,248 INFO mapreduce.Job:  map 77% reduce 26%
2018-08-09 13:54:11,254 INFO mapreduce.Job:  map 78% reduce 26%
2018-08-09 13:54:19,284 INFO mapreduce.Job:  map 79% reduce 26%
2018-08-09 13:54:29,320 INFO mapreduce.Job:  map 81% reduce 26%
2018-08-09 13:54:34,339 INFO mapreduce.Job:  map 81% reduce 27%
2018-08-09 13:54:38,352 INFO mapreduce.Job:  map 82% reduce 27%
2018-08-09 13:54:46,638 INFO mapreduce.Job:  map 83% reduce 27%
2018-08-09 13:54:47,642 INFO mapreduce.Job:  map 84% reduce 27%
2018-08-09 13:54:52,660 INFO mapreduce.Job:  map 84% reduce 28%
2018-08-09 13:54:56,674 INFO mapreduce.Job:  map 85% reduce 28%
2018-08-09 13:55:05,705 INFO mapreduce.Job:  map 87% reduce 28%
2018-08-09 13:55:10,721 INFO mapreduce.Job:  map 87% reduce 29%
2018-08-09 13:55:13,731 INFO mapreduce.Job:  map 88% reduce 29%
2018-08-09 13:55:14,734 INFO mapreduce.Job:  map 89% reduce 29%
2018-08-09 13:55:16,746 INFO mapreduce.Job:  map 89% reduce 30%
2018-08-09 13:55:23,769 INFO mapreduce.Job:  map 90% reduce 30%
2018-08-09 13:55:31,796 INFO mapreduce.Job:  map 91% reduce 30%
2018-08-09 13:55:32,801 INFO mapreduce.Job:  map 92% reduce 30%
2018-08-09 13:55:34,808 INFO mapreduce.Job:  map 92% reduce 31%
2018-08-09 13:55:41,833 INFO mapreduce.Job:  map 93% reduce 31%
2018-08-09 13:55:50,864 INFO mapreduce.Job:  map 94% reduce 31%
2018-08-09 13:55:51,867 INFO mapreduce.Job:  map 95% reduce 31%
2018-08-09 13:55:52,871 INFO mapreduce.Job:  map 95% reduce 32%
2018-08-09 13:56:00,896 INFO mapreduce.Job:  map 96% reduce 32%
2018-08-09 13:56:08,922 INFO mapreduce.Job:  map 97% reduce 32%
2018-08-09 13:56:09,927 INFO mapreduce.Job:  map 98% reduce 32%
2018-08-09 13:56:10,930 INFO mapreduce.Job:  map 98% reduce 33%
2018-08-09 13:56:18,962 INFO mapreduce.Job:  map 99% reduce 33%
2018-08-09 13:56:23,977 INFO mapreduce.Job:  map 100% reduce 33%
2018-08-09 13:56:28,986 INFO mapreduce.Job:  map 100% reduce 39%
2018-08-09 13:56:34,994 INFO mapreduce.Job:  map 100% reduce 48%
2018-08-09 13:56:41,007 INFO mapreduce.Job:  map 100% reduce 56%
2018-08-09 13:56:47,016 INFO mapreduce.Job:  map 100% reduce 65%
2018-08-09 13:56:53,031 INFO mapreduce.Job:  map 100% reduce 83%
2018-08-09 13:56:59,046 INFO mapreduce.Job:  map 100% reduce 100%
2018-08-09 13:56:59,051 INFO mapreduce.Job: Job job_1531350420733_0484 completed successfully
2018-08-09 13:56:59,171 INFO mapreduce.Job: Counters: 62
	File System Counters
		FILE: Number of bytes read=111440746
		FILE: Number of bytes written=250303917
		FILE: Number of read operations=0
		FILE: Number of large read operations=0
		FILE: Number of write operations=0
		HDFS: Number of bytes read=17505252407
		HDFS: Number of bytes written=19619580
		HDFS: Number of read operations=398
		HDFS: Number of large read operations=0
		HDFS: Number of write operations=2
	Job Counters 
		Killed map tasks=1
		Launched map tasks=131
		Launched reduce tasks=1
		Data-local map tasks=131
		Total time spent by all maps in occupied slots (ms)=2318542
		Total time spent by all reduces in occupied slots (ms)=1167396
		Total time spent by all map tasks (ms)=1159271
		Total time spent by all reduce tasks (ms)=389132
		Total vcore-milliseconds taken by all map tasks=1159271
		Total vcore-milliseconds taken by all reduce tasks=389132
		Total megabyte-milliseconds taken by all map tasks=7122561024
		Total megabyte-milliseconds taken by all reduce tasks=3187769344
	Map-Reduce Framework
		Time taken to read_SC (MILLIS)=189460
		Time taken to write_SC (MILLIS)=1259
		Time taken to collect_SC (MILLIS)=23471
		Time taken to spill_SC (MILLIS)=142062
		Time taken to merge_SC (MILLIS)=1276
		Time taken to shuffle_SC (MILLIS)=375474
		Map input records=66432644
		Map output records=65722799
		Map output bytes=494024693
		Map output materialized bytes=111441526
		Input split bytes=15982
		Combine input records=65722799
		Combine output records=11569585
		Reduce input groups=2502332
		Reduce shuffle bytes=111441526
		Reduce input records=11569585
		Reduce output records=2502332
		Spilled Records=23139170
		Shuffled Maps =131
		Failed Shuffles=0
		Merged Map outputs=131
		GC time elapsed (ms)=21433
		CPU time spent (ms)=1064960
		Physical memory (bytes) snapshot=95380750336
		Virtual memory (bytes) snapshot=532649168896
		Total committed heap usage (bytes)=102373523456
		Peak Map Physical memory (bytes)=920887296
		Peak Map Virtual memory (bytes)=4013502464
		Peak Reduce Physical memory (bytes)=534724608
		Peak Reduce Virtual memory (bytes)=8901967872
	Shuffle Errors
		BAD_ID=0
		CONNECTION=0
		IO_ERROR=0
		WRONG_LENGTH=0
		WRONG_MAP=0
		WRONG_REDUCE=0
	bdl.standrews.ac.uk.DistinctUserDriver$MAP_RED_CUSTOM
		MAP_TIME_MILLIS=329897
		REDUCE_TIME_MILLIS=14201
	File Input Format Counters 
		Bytes Read=17505236425
	File Output Format Counters 
		Bytes Written=19619580

