2018-08-10 19:11:41,055 INFO mapreduce.Job: Job job_1531350420733_0509 running in uber mode : false
2018-08-10 19:11:42,895 INFO mapreduce.Job:  map 0% reduce 0%
2018-08-10 19:12:08,408 INFO mapreduce.Job:  map 1% reduce 0%
2018-08-10 19:12:11,433 INFO mapreduce.Job:  map 2% reduce 0%
2018-08-10 19:12:25,508 INFO mapreduce.Job:  map 3% reduce 0%
2018-08-10 19:12:26,513 INFO mapreduce.Job:  map 4% reduce 0%
2018-08-10 19:12:39,589 INFO mapreduce.Job:  map 5% reduce 0%
2018-08-10 19:12:40,593 INFO mapreduce.Job:  map 6% reduce 0%
2018-08-10 19:12:56,670 INFO mapreduce.Job:  map 7% reduce 0%
2018-08-10 19:13:03,698 INFO mapreduce.Job:  map 8% reduce 0%
2018-08-10 19:13:19,404 INFO mapreduce.Job:  map 9% reduce 0%
2018-08-10 19:13:20,407 INFO mapreduce.Job:  map 10% reduce 0%
2018-08-10 19:13:33,476 INFO mapreduce.Job:  map 11% reduce 0%
2018-08-10 19:13:36,491 INFO mapreduce.Job:  map 12% reduce 0%
2018-08-10 19:13:51,566 INFO mapreduce.Job:  map 14% reduce 0%
2018-08-10 19:14:09,628 INFO mapreduce.Job:  map 15% reduce 0%
2018-08-10 19:14:13,642 INFO mapreduce.Job:  map 16% reduce 0%
2018-08-10 19:14:30,716 INFO mapreduce.Job:  map 18% reduce 0%
2018-08-10 19:14:45,775 INFO mapreduce.Job:  map 19% reduce 0%
2018-08-10 19:14:46,778 INFO mapreduce.Job:  map 20% reduce 0%
2018-08-10 19:15:00,835 INFO mapreduce.Job:  map 21% reduce 0%
2018-08-10 19:15:03,845 INFO mapreduce.Job:  map 22% reduce 0%
2018-08-10 19:15:17,903 INFO mapreduce.Job:  map 23% reduce 0%
2018-08-10 19:15:21,916 INFO mapreduce.Job:  map 24% reduce 0%
2018-08-10 19:15:35,974 INFO mapreduce.Job:  map 25% reduce 0%
2018-08-10 19:15:41,995 INFO mapreduce.Job:  map 26% reduce 0%
2018-08-10 19:15:54,036 INFO mapreduce.Job:  map 27% reduce 0%
2018-08-10 19:15:57,046 INFO mapreduce.Job:  map 28% reduce 0%
2018-08-10 19:16:13,124 INFO mapreduce.Job:  map 29% reduce 0%
2018-08-10 19:16:14,128 INFO mapreduce.Job:  map 30% reduce 0%
2018-08-10 19:16:30,186 INFO mapreduce.Job:  map 31% reduce 0%
2018-08-10 19:16:34,198 INFO mapreduce.Job:  map 32% reduce 0%
2018-08-10 19:16:50,253 INFO mapreduce.Job:  map 33% reduce 0%
2018-08-10 19:16:51,257 INFO mapreduce.Job:  map 34% reduce 0%
2018-08-10 19:17:06,312 INFO mapreduce.Job:  map 36% reduce 0%
2018-08-10 19:17:22,371 INFO mapreduce.Job:  map 38% reduce 0%
2018-08-10 19:17:41,430 INFO mapreduce.Job:  map 39% reduce 0%
2018-08-10 19:17:53,471 INFO mapreduce.Job:  map 39% reduce 5%
2018-08-10 19:17:59,488 INFO mapreduce.Job:  map 39% reduce 7%
2018-08-10 19:18:00,491 INFO mapreduce.Job:  map 40% reduce 7%
2018-08-10 19:18:02,498 INFO mapreduce.Job:  map 41% reduce 7%
2018-08-10 19:18:18,547 INFO mapreduce.Job:  map 42% reduce 7%
2018-08-10 19:18:29,582 INFO mapreduce.Job:  map 42% reduce 10%
2018-08-10 19:18:35,596 INFO mapreduce.Job:  map 42% reduce 11%
2018-08-10 19:19:07,711 INFO mapreduce.Job:  map 42% reduce 13%
2018-08-10 19:19:13,723 INFO mapreduce.Job:  map 42% reduce 14%
2018-08-10 19:19:27,758 INFO mapreduce.Job:  map 43% reduce 14%
2018-08-10 19:20:43,934 INFO mapreduce.Job:  map 44% reduce 14%
2018-08-10 19:20:44,937 INFO mapreduce.Job:  map 45% reduce 15%
2018-08-10 19:20:57,973 INFO mapreduce.Job:  map 46% reduce 15%
2018-08-10 19:21:13,008 INFO mapreduce.Job:  map 47% reduce 15%
2018-08-10 19:21:15,014 INFO mapreduce.Job:  map 47% reduce 16%
2018-08-10 19:21:29,055 INFO mapreduce.Job:  map 49% reduce 16%
2018-08-10 19:21:44,099 INFO mapreduce.Job:  map 50% reduce 16%
2018-08-10 19:21:45,102 INFO mapreduce.Job:  map 50% reduce 17%
2018-08-10 19:21:59,139 INFO mapreduce.Job:  map 51% reduce 17%
2018-08-10 19:22:13,179 INFO mapreduce.Job:  map 53% reduce 17%
2018-08-10 19:22:15,183 INFO mapreduce.Job:  map 53% reduce 18%
2018-08-10 19:22:28,215 INFO mapreduce.Job:  map 54% reduce 18%
2018-08-10 19:22:44,256 INFO mapreduce.Job:  map 55% reduce 18%
2018-08-10 19:23:00,307 INFO mapreduce.Job:  map 57% reduce 18%
2018-08-10 19:23:03,314 INFO mapreduce.Job:  map 57% reduce 19%
2018-08-10 19:23:36,380 INFO mapreduce.Job:  map 58% reduce 19%
2018-08-10 19:24:04,436 INFO mapreduce.Job:  map 59% reduce 19%
2018-08-10 19:24:10,454 INFO mapreduce.Job:  map 59% reduce 20%
2018-08-10 19:24:19,476 INFO mapreduce.Job:  map 61% reduce 20%
2018-08-10 19:24:34,512 INFO mapreduce.Job:  map 62% reduce 20%
2018-08-10 19:24:40,528 INFO mapreduce.Job:  map 62% reduce 21%
2018-08-10 19:24:47,545 INFO mapreduce.Job:  map 63% reduce 21%
2018-08-10 19:25:03,599 INFO mapreduce.Job:  map 64% reduce 21%
2018-08-10 19:25:18,639 INFO mapreduce.Job:  map 66% reduce 21%
2018-08-10 19:25:22,648 INFO mapreduce.Job:  map 66% reduce 22%
2018-08-10 19:25:33,674 INFO mapreduce.Job:  map 67% reduce 22%
2018-08-10 19:25:48,718 INFO mapreduce.Job:  map 68% reduce 22%
2018-08-10 19:25:52,728 INFO mapreduce.Job:  map 68% reduce 23%
2018-08-10 19:26:02,753 INFO mapreduce.Job:  map 69% reduce 23%
2018-08-10 19:26:05,762 INFO mapreduce.Job:  map 70% reduce 23%
2018-08-10 19:26:23,806 INFO mapreduce.Job:  map 71% reduce 23%
2018-08-10 19:26:28,817 INFO mapreduce.Job:  map 71% reduce 24%
2018-08-10 19:26:55,875 INFO mapreduce.Job:  map 72% reduce 24%
2018-08-10 19:27:31,948 INFO mapreduce.Job:  map 74% reduce 24%
2018-08-10 19:27:35,958 INFO mapreduce.Job:  map 74% reduce 25%
2018-08-10 19:27:44,980 INFO mapreduce.Job:  map 75% reduce 25%
2018-08-10 19:28:00,021 INFO mapreduce.Job:  map 76% reduce 25%
2018-08-10 19:28:15,055 INFO mapreduce.Job:  map 78% reduce 25%
2018-08-10 19:28:18,067 INFO mapreduce.Job:  map 78% reduce 26%
2018-08-10 19:28:30,095 INFO mapreduce.Job:  map 79% reduce 26%
2018-08-10 19:28:46,131 INFO mapreduce.Job:  map 80% reduce 26%
2018-08-10 19:28:48,138 INFO mapreduce.Job:  map 80% reduce 27%
2018-08-10 19:29:00,166 INFO mapreduce.Job:  map 82% reduce 27%
2018-08-10 19:29:16,200 INFO mapreduce.Job:  map 83% reduce 27%
2018-08-10 19:29:18,204 INFO mapreduce.Job:  map 83% reduce 28%
2018-08-10 19:29:32,238 INFO mapreduce.Job:  map 84% reduce 28%
2018-08-10 19:29:51,280 INFO mapreduce.Job:  map 85% reduce 28%
2018-08-10 19:30:09,315 INFO mapreduce.Job:  map 86% reduce 28%
2018-08-10 19:30:12,319 INFO mapreduce.Job:  map 86% reduce 29%
2018-08-10 19:30:40,383 INFO mapreduce.Job:  map 87% reduce 29%
2018-08-10 19:30:55,417 INFO mapreduce.Job:  map 88% reduce 29%
2018-08-10 19:31:07,446 INFO mapreduce.Job:  map 89% reduce 29%
2018-08-10 19:31:12,459 INFO mapreduce.Job:  map 89% reduce 30%
2018-08-10 19:31:23,480 INFO mapreduce.Job:  map 91% reduce 30%
2018-08-10 19:31:39,512 INFO mapreduce.Job:  map 92% reduce 30%
2018-08-10 19:31:42,522 INFO mapreduce.Job:  map 92% reduce 31%
2018-08-10 19:31:57,553 INFO mapreduce.Job:  map 93% reduce 31%
2018-08-10 19:32:11,585 INFO mapreduce.Job:  map 94% reduce 31%
2018-08-10 19:32:12,589 INFO mapreduce.Job:  map 95% reduce 31%
2018-08-10 19:32:18,602 INFO mapreduce.Job:  map 95% reduce 32%
2018-08-10 19:32:24,615 INFO mapreduce.Job:  map 96% reduce 32%
2018-08-10 19:32:40,655 INFO mapreduce.Job:  map 97% reduce 32%
2018-08-10 19:32:55,692 INFO mapreduce.Job:  map 98% reduce 32%
2018-08-10 19:33:00,701 INFO mapreduce.Job:  map 99% reduce 32%
2018-08-10 19:33:01,703 INFO mapreduce.Job:  map 99% reduce 33%
2018-08-10 19:33:50,785 INFO mapreduce.Job:  map 100% reduce 33%
2018-08-10 19:33:55,796 INFO mapreduce.Job:  map 100% reduce 39%
2018-08-10 19:34:01,805 INFO mapreduce.Job:  map 100% reduce 67%
2018-08-10 19:34:31,865 INFO mapreduce.Job:  map 100% reduce 68%
2018-08-10 19:35:13,942 INFO mapreduce.Job:  map 100% reduce 69%
2018-08-10 19:35:56,010 INFO mapreduce.Job:  map 100% reduce 70%
2018-08-10 19:36:38,091 INFO mapreduce.Job:  map 100% reduce 71%
2018-08-10 19:37:21,165 INFO mapreduce.Job:  map 100% reduce 72%
2018-08-10 19:38:03,232 INFO mapreduce.Job:  map 100% reduce 73%
2018-08-10 19:38:51,314 INFO mapreduce.Job:  map 100% reduce 74%
2018-08-10 19:39:34,387 INFO mapreduce.Job:  map 100% reduce 75%
2018-08-10 19:40:22,471 INFO mapreduce.Job:  map 100% reduce 76%
2018-08-10 19:41:11,552 INFO mapreduce.Job:  map 100% reduce 77%
2018-08-10 19:41:53,624 INFO mapreduce.Job:  map 100% reduce 78%
2018-08-10 19:42:42,701 INFO mapreduce.Job:  map 100% reduce 79%
2018-08-10 19:43:24,767 INFO mapreduce.Job:  map 100% reduce 80%
2018-08-10 19:44:18,959 INFO mapreduce.Job:  map 100% reduce 81%
2018-08-10 19:45:07,037 INFO mapreduce.Job:  map 100% reduce 82%
2018-08-10 19:45:55,115 INFO mapreduce.Job:  map 100% reduce 83%
2018-08-10 19:46:49,195 INFO mapreduce.Job:  map 100% reduce 84%
2018-08-10 19:47:37,270 INFO mapreduce.Job:  map 100% reduce 85%
2018-08-10 19:48:25,948 INFO mapreduce.Job:  map 100% reduce 86%
2018-08-10 19:49:14,033 INFO mapreduce.Job:  map 100% reduce 87%
2018-08-10 19:50:08,118 INFO mapreduce.Job:  map 100% reduce 88%
2018-08-10 19:50:57,195 INFO mapreduce.Job:  map 100% reduce 89%
2018-08-10 19:51:51,277 INFO mapreduce.Job:  map 100% reduce 90%
2018-08-10 19:52:39,357 INFO mapreduce.Job:  map 100% reduce 91%
2018-08-10 19:53:27,436 INFO mapreduce.Job:  map 100% reduce 92%
2018-08-10 19:54:15,510 INFO mapreduce.Job:  map 100% reduce 93%
2018-08-10 19:55:03,594 INFO mapreduce.Job:  map 100% reduce 94%
2018-08-10 19:55:51,669 INFO mapreduce.Job:  map 100% reduce 95%
2018-08-10 19:56:33,731 INFO mapreduce.Job:  map 100% reduce 96%
2018-08-10 19:57:21,799 INFO mapreduce.Job:  map 100% reduce 97%
2018-08-10 19:58:09,868 INFO mapreduce.Job:  map 100% reduce 98%
2018-08-10 19:58:57,933 INFO mapreduce.Job:  map 100% reduce 99%
2018-08-10 19:59:40,994 INFO mapreduce.Job:  map 100% reduce 100%
2018-08-10 20:00:07,035 INFO mapreduce.Job: Job job_1531350420733_0509 completed successfully
2018-08-10 20:00:08,830 INFO mapreduce.Job: Counters: 62
	File System Counters
		FILE: Number of bytes read=42057055387
		FILE: Number of bytes written=63146936920
		FILE: Number of read operations=0
		FILE: Number of large read operations=0
		FILE: Number of write operations=0
		HDFS: Number of bytes read=20313669770
		HDFS: Number of bytes written=58353729310
		HDFS: Number of read operations=461
		HDFS: Number of large read operations=0
		HDFS: Number of write operations=2
	Job Counters 
		Killed map tasks=1
		Launched map tasks=153
		Launched reduce tasks=1
		Data-local map tasks=153
		Total time spent by all maps in occupied slots (ms)=5713176
		Total time spent by all reduces in occupied slots (ms)=7642839
		Total time spent by all map tasks (ms)=2856588
		Total time spent by all reduce tasks (ms)=2547613
		Total vcore-milliseconds taken by all map tasks=2856588
		Total vcore-milliseconds taken by all reduce tasks=2547613
		Total megabyte-milliseconds taken by all map tasks=17550876672
		Total megabyte-milliseconds taken by all reduce tasks=20870045696
	Map-Reduce Framework
		Time taken to read_SC (MILLIS)=210578
		Time taken to write_SC (MILLIS)=335935
		Time taken to collect_SC (MILLIS)=435081
		Time taken to spill_SC (MILLIS)=790852
		Time taken to merge_SC (MILLIS)=405275
		Time taken to shuffle_SC (MILLIS)=979210
		Map input records=75350154
		Map output records=74640306
		Map output bytes=20800223650
		Map output materialized bytes=21058048367
		Input split bytes=44059
		Combine input records=0
		Combine output records=0
		Reduce input groups=8917516
		Reduce shuffle bytes=21058048367
		Reduce input records=74640306
		Reduce output records=72137983
		Spilled Records=223708298
		Shuffled Maps =152
		Failed Shuffles=0
		Merged Map outputs=152
		GC time elapsed (ms)=40599
		CPU time spent (ms)=3156850
		Physical memory (bytes) snapshot=141919899648
		Virtual memory (bytes) snapshot=616354230272
		Total committed heap usage (bytes)=142750515200
		Peak Map Physical memory (bytes)=944685056
		Peak Map Virtual memory (bytes)=4014292992
		Peak Reduce Physical memory (bytes)=6612770816
		Peak Reduce Virtual memory (bytes)=8911282176
	Shuffle Errors
		BAD_ID=0
		CONNECTION=0
		IO_ERROR=0
		WRONG_LENGTH=0
		WRONG_MAP=0
		WRONG_REDUCE=0
	bdl.standrews.ac.uk.ReduceSideJoinDriver$MAP_RED_CUSTOM
		MAP_TIME_MILLIS=1022981
		REDUCE_TIME_MILLIS=1392411
	File Input Format Counters 
		Bytes Read=0
	File Output Format Counters 
		Bytes Written=58353729310
