2018-08-08 21:48:47,428 WARN util.NativeCodeLoader: Unable to load native-hadoop library for your platform... using builtin-java classes where applicable
2018-08-08 21:48:48,475 INFO client.RMProxy: Connecting to ResourceManager at /0.0.0.0:8032
2018-08-08 21:48:49,107 INFO mapreduce.JobResourceUploader: Disabling Erasure Coding for path: /tmp/hadoop-yarn/staging/sc306/.staging/job_1531350420733_0479
2018-08-08 21:48:49,330 INFO input.FileInputFormat: Total input files to process : 1
2018-08-08 21:48:49,394 INFO mapreduce.JobSubmitter: number of splits:94
2018-08-08 21:48:49,430 INFO Configuration.deprecation: yarn.resourcemanager.system-metrics-publisher.enabled is deprecated. Instead, use yarn.system-metrics-publisher.enabled
2018-08-08 21:48:49,534 INFO mapreduce.JobSubmitter: Submitting tokens for job: job_1531350420733_0479
2018-08-08 21:48:49,536 INFO mapreduce.JobSubmitter: Executing with tokens: []
2018-08-08 21:48:49,740 INFO conf.Configuration: resource-types.xml not found
2018-08-08 21:48:49,741 INFO resource.ResourceUtils: Unable to find 'resource-types.xml'.
2018-08-08 21:48:49,813 INFO impl.YarnClientImpl: Submitted application application_1531350420733_0479
2018-08-08 21:48:49,859 INFO mapreduce.Job: The url to track the job: http://localhost:8088/proxy/application_1531350420733_0479/
2018-08-08 21:48:49,860 INFO mapreduce.Job: Running job: job_1531350420733_0479
2018-08-08 21:48:57,960 INFO mapreduce.Job: Job job_1531350420733_0479 running in uber mode : false
2018-08-08 21:48:57,962 INFO mapreduce.Job:  map 0% reduce 0%
2018-08-08 21:49:10,098 INFO mapreduce.Job:  map 3% reduce 0%
2018-08-08 21:49:20,199 INFO mapreduce.Job:  map 4% reduce 0%
2018-08-08 21:49:21,204 INFO mapreduce.Job:  map 5% reduce 0%
2018-08-08 21:49:22,210 INFO mapreduce.Job:  map 6% reduce 0%
2018-08-08 21:49:32,271 INFO mapreduce.Job:  map 9% reduce 0%
2018-08-08 21:49:33,276 INFO mapreduce.Job:  map 10% reduce 0%
2018-08-08 21:49:44,357 INFO mapreduce.Job:  map 13% reduce 0%
2018-08-08 21:49:54,407 INFO mapreduce.Job:  map 14% reduce 0%
2018-08-08 21:49:55,413 INFO mapreduce.Job:  map 16% reduce 0%
2018-08-08 21:50:08,505 INFO mapreduce.Job:  map 17% reduce 0%
2018-08-08 21:50:09,511 INFO mapreduce.Job:  map 19% reduce 0%
2018-08-08 21:50:18,560 INFO mapreduce.Job:  map 20% reduce 0%
2018-08-08 21:50:22,580 INFO mapreduce.Job:  map 22% reduce 0%
2018-08-08 21:50:29,615 INFO mapreduce.Job:  map 23% reduce 0%
2018-08-08 21:50:33,637 INFO mapreduce.Job:  map 26% reduce 0%
2018-08-08 21:50:42,685 INFO mapreduce.Job:  map 27% reduce 0%
2018-08-08 21:50:48,722 INFO mapreduce.Job:  map 29% reduce 0%
2018-08-08 21:50:52,741 INFO mapreduce.Job:  map 30% reduce 0%
2018-08-08 21:50:59,776 INFO mapreduce.Job:  map 32% reduce 0%
2018-08-08 21:51:02,790 INFO mapreduce.Job:  map 33% reduce 0%
2018-08-08 21:51:09,833 INFO mapreduce.Job:  map 34% reduce 0%
2018-08-08 21:51:11,842 INFO mapreduce.Job:  map 35% reduce 0%
2018-08-08 21:51:14,853 INFO mapreduce.Job:  map 36% reduce 0%
2018-08-08 21:51:21,889 INFO mapreduce.Job:  map 37% reduce 0%
2018-08-08 21:51:24,905 INFO mapreduce.Job:  map 38% reduce 0%
2018-08-08 21:51:25,910 INFO mapreduce.Job:  map 39% reduce 0%
2018-08-08 21:51:32,945 INFO mapreduce.Job:  map 40% reduce 0%
2018-08-08 21:51:39,974 INFO mapreduce.Job:  map 43% reduce 0%
2018-08-08 21:51:43,992 INFO mapreduce.Job:  map 44% reduce 0%
2018-08-08 21:51:55,034 INFO mapreduce.Job:  map 47% reduce 0%
2018-08-08 21:52:10,586 INFO mapreduce.Job:  map 48% reduce 0%
2018-08-08 21:52:11,591 INFO mapreduce.Job:  map 50% reduce 0%
2018-08-08 21:52:23,641 INFO mapreduce.Job:  map 53% reduce 0%
2018-08-08 21:52:35,695 INFO mapreduce.Job:  map 56% reduce 0%
2018-08-08 21:52:47,740 INFO mapreduce.Job:  map 59% reduce 0%
2018-08-08 21:52:49,748 INFO mapreduce.Job:  map 60% reduce 0%
2018-08-08 21:52:59,786 INFO mapreduce.Job:  map 62% reduce 0%
2018-08-08 21:53:02,798 INFO mapreduce.Job:  map 63% reduce 0%
2018-08-08 21:53:09,827 INFO mapreduce.Job:  map 64% reduce 0%
2018-08-08 21:53:10,830 INFO mapreduce.Job:  map 65% reduce 0%
2018-08-08 21:53:15,865 INFO mapreduce.Job:  map 66% reduce 0%
2018-08-08 21:53:21,887 INFO mapreduce.Job:  map 68% reduce 0%
2018-08-08 21:53:28,921 INFO mapreduce.Job:  map 69% reduce 0%
2018-08-08 21:53:32,944 INFO mapreduce.Job:  map 71% reduce 0%
2018-08-08 21:53:40,975 INFO mapreduce.Job:  map 72% reduce 0%
2018-08-08 21:53:46,996 INFO mapreduce.Job:  map 74% reduce 0%
2018-08-08 21:53:54,023 INFO mapreduce.Job:  map 76% reduce 0%
2018-08-08 21:53:58,038 INFO mapreduce.Job:  map 77% reduce 0%
2018-08-08 21:53:59,041 INFO mapreduce.Job:  map 78% reduce 0%
2018-08-08 21:54:04,063 INFO mapreduce.Job:  map 79% reduce 0%
2018-08-08 21:54:10,086 INFO mapreduce.Job:  map 81% reduce 0%
2018-08-08 21:54:15,110 INFO mapreduce.Job:  map 82% reduce 0%
2018-08-08 21:54:20,126 INFO mapreduce.Job:  map 83% reduce 0%
2018-08-08 21:54:21,132 INFO mapreduce.Job:  map 84% reduce 0%
2018-08-08 21:54:31,169 INFO mapreduce.Job:  map 85% reduce 0%
2018-08-08 21:54:32,172 INFO mapreduce.Job:  map 87% reduce 0%
2018-08-08 21:54:49,224 INFO mapreduce.Job:  map 90% reduce 0%
2018-08-08 21:55:03,271 INFO mapreduce.Job:  map 94% reduce 0%
2018-08-08 21:55:17,321 INFO mapreduce.Job:  map 96% reduce 0%
2018-08-08 21:55:18,324 INFO mapreduce.Job:  map 97% reduce 0%
2018-08-08 21:55:30,371 INFO mapreduce.Job:  map 98% reduce 0%
2018-08-08 21:55:31,374 INFO mapreduce.Job:  map 100% reduce 0%
2018-08-08 21:55:32,381 INFO mapreduce.Job: Job job_1531350420733_0479 completed successfully
2018-08-08 21:55:32,496 INFO mapreduce.Job: Counters: 36
	File System Counters
		FILE: Number of bytes read=0
		FILE: Number of bytes written=19480080
		FILE: Number of read operations=0
		FILE: Number of large read operations=0
		FILE: Number of write operations=0
		HDFS: Number of bytes read=12615347398
		HDFS: Number of bytes written=11611663197
		HDFS: Number of read operations=658
		HDFS: Number of large read operations=0
		HDFS: Number of write operations=188
	Job Counters 
		Killed map tasks=1
		Launched map tasks=94
		Data-local map tasks=94
		Total time spent by all maps in occupied slots (ms)=2131612
		Total time spent by all reduces in occupied slots (ms)=0
		Total time spent by all map tasks (ms)=1065806
		Total vcore-milliseconds taken by all map tasks=1065806
		Total megabyte-milliseconds taken by all map tasks=6548312064
	Map-Reduce Framework
		Time taken to read_SC (MILLIS)=92479
		Time taken to write_SC (MILLIS)=53373
		Map input records=10000000
		Map output records=8554607
		Input split bytes=11562
		Spilled Records=0
		Failed Shuffles=0
		Merged Map outputs=0
		GC time elapsed (ms)=13329
		CPU time spent (ms)=892850
		Physical memory (bytes) snapshot=36906688512
		Virtual memory (bytes) snapshot=375902806016
		Total committed heap usage (bytes)=46875541504
		Peak Map Physical memory (bytes)=464691200
		Peak Map Virtual memory (bytes)=4013228032
	bdl.standrews.ac.uk.DistributedGrep$MAP_RED_CUSTOM
		MAP_TIME_MILLIS=506871
	File Input Format Counters 
		Bytes Read=12615335836
	File Output Format Counters 
		Bytes Written=11611663197
