2018-08-08 18:08:32,450 WARN util.NativeCodeLoader: Unable to load native-hadoop library for your platform... using builtin-java classes where applicable
2018-08-08 18:08:33,504 INFO client.RMProxy: Connecting to ResourceManager at /0.0.0.0:8032
2018-08-08 18:08:34,142 INFO mapreduce.JobResourceUploader: Disabling Erasure Coding for path: /tmp/hadoop-yarn/staging/sc306/.staging/job_1531350420733_0474
2018-08-08 18:08:34,366 INFO input.FileInputFormat: Total input files to process : 1
2018-08-08 18:08:34,433 INFO mapreduce.JobSubmitter: number of splits:94
2018-08-08 18:08:34,471 INFO Configuration.deprecation: yarn.resourcemanager.system-metrics-publisher.enabled is deprecated. Instead, use yarn.system-metrics-publisher.enabled
2018-08-08 18:08:34,577 INFO mapreduce.JobSubmitter: Submitting tokens for job: job_1531350420733_0474
2018-08-08 18:08:34,579 INFO mapreduce.JobSubmitter: Executing with tokens: []
2018-08-08 18:08:34,785 INFO conf.Configuration: resource-types.xml not found
2018-08-08 18:08:34,785 INFO resource.ResourceUtils: Unable to find 'resource-types.xml'.
2018-08-08 18:08:34,858 INFO impl.YarnClientImpl: Submitted application application_1531350420733_0474
2018-08-08 18:08:34,905 INFO mapreduce.Job: The url to track the job: http://localhost:8088/proxy/application_1531350420733_0474/
2018-08-08 18:08:34,905 INFO mapreduce.Job: Running job: job_1531350420733_0474
2018-08-08 18:08:42,005 INFO mapreduce.Job: Job job_1531350420733_0474 running in uber mode : false
2018-08-08 18:08:42,007 INFO mapreduce.Job:  map 0% reduce 0%
2018-08-08 18:08:55,137 INFO mapreduce.Job:  map 2% reduce 0%
2018-08-08 18:08:56,144 INFO mapreduce.Job:  map 3% reduce 0%
2018-08-08 18:09:07,235 INFO mapreduce.Job:  map 5% reduce 0%
2018-08-08 18:09:08,240 INFO mapreduce.Job:  map 6% reduce 0%
2018-08-08 18:09:18,965 INFO mapreduce.Job:  map 9% reduce 0%
2018-08-08 18:09:19,972 INFO mapreduce.Job:  map 10% reduce 0%
2018-08-08 18:09:31,042 INFO mapreduce.Job:  map 13% reduce 0%
2018-08-08 18:09:42,118 INFO mapreduce.Job:  map 14% reduce 0%
2018-08-08 18:09:43,125 INFO mapreduce.Job:  map 16% reduce 0%
2018-08-08 18:09:53,189 INFO mapreduce.Job:  map 17% reduce 0%
2018-08-08 18:09:54,194 INFO mapreduce.Job:  map 19% reduce 0%
2018-08-08 18:10:04,246 INFO mapreduce.Job:  map 20% reduce 0%
2018-08-08 18:10:05,250 INFO mapreduce.Job:  map 22% reduce 0%
2018-08-08 18:10:15,307 INFO mapreduce.Job:  map 23% reduce 0%
2018-08-08 18:10:16,313 INFO mapreduce.Job:  map 26% reduce 0%
2018-08-08 18:10:26,379 INFO mapreduce.Job:  map 27% reduce 0%
2018-08-08 18:10:27,384 INFO mapreduce.Job:  map 29% reduce 0%
2018-08-08 18:10:37,445 INFO mapreduce.Job:  map 30% reduce 0%
2018-08-08 18:10:38,451 INFO mapreduce.Job:  map 32% reduce 0%
2018-08-08 18:10:48,501 INFO mapreduce.Job:  map 33% reduce 0%
2018-08-08 18:10:49,506 INFO mapreduce.Job:  map 35% reduce 0%
2018-08-08 18:10:59,565 INFO mapreduce.Job:  map 36% reduce 0%
2018-08-08 18:11:00,571 INFO mapreduce.Job:  map 37% reduce 0%
2018-08-08 18:11:01,576 INFO mapreduce.Job:  map 38% reduce 0%
2018-08-08 18:11:11,124 INFO mapreduce.Job:  map 39% reduce 0%
2018-08-08 18:11:12,134 INFO mapreduce.Job:  map 41% reduce 0%
2018-08-08 18:11:21,186 INFO mapreduce.Job:  map 44% reduce 0%
2018-08-08 18:11:28,211 INFO mapreduce.Job:  map 44% reduce 15%
2018-08-08 18:11:30,220 INFO mapreduce.Job:  map 46% reduce 15%
2018-08-08 18:11:39,510 INFO mapreduce.Job:  map 48% reduce 15%
2018-08-08 18:11:45,541 INFO mapreduce.Job:  map 48% reduce 16%
2018-08-08 18:11:48,553 INFO mapreduce.Job:  map 49% reduce 16%
2018-08-08 18:11:49,558 INFO mapreduce.Job:  map 50% reduce 16%
2018-08-08 18:11:51,573 INFO mapreduce.Job:  map 50% reduce 17%
2018-08-08 18:11:57,612 INFO mapreduce.Job:  map 52% reduce 17%
2018-08-08 18:12:05,648 INFO mapreduce.Job:  map 53% reduce 17%
2018-08-08 18:12:06,651 INFO mapreduce.Job:  map 54% reduce 17%
2018-08-08 18:12:09,663 INFO mapreduce.Job:  map 54% reduce 18%
2018-08-08 18:12:14,684 INFO mapreduce.Job:  map 55% reduce 18%
2018-08-08 18:12:15,687 INFO mapreduce.Job:  map 56% reduce 18%
2018-08-08 18:12:21,714 INFO mapreduce.Job:  map 56% reduce 19%
2018-08-08 18:12:23,721 INFO mapreduce.Job:  map 57% reduce 19%
2018-08-08 18:12:24,725 INFO mapreduce.Job:  map 59% reduce 19%
2018-08-08 18:12:27,739 INFO mapreduce.Job:  map 59% reduce 20%
2018-08-08 18:12:32,761 INFO mapreduce.Job:  map 60% reduce 20%
2018-08-08 18:12:33,765 INFO mapreduce.Job:  map 61% reduce 20%
2018-08-08 18:12:41,800 INFO mapreduce.Job:  map 62% reduce 20%
2018-08-08 18:12:42,804 INFO mapreduce.Job:  map 63% reduce 20%
2018-08-08 18:12:45,818 INFO mapreduce.Job:  map 63% reduce 21%
2018-08-08 18:12:49,833 INFO mapreduce.Job:  map 64% reduce 21%
2018-08-08 18:12:51,841 INFO mapreduce.Job:  map 65% reduce 22%
2018-08-08 18:12:58,869 INFO mapreduce.Job:  map 66% reduce 22%
2018-08-08 18:13:00,876 INFO mapreduce.Job:  map 67% reduce 22%
2018-08-08 18:13:07,904 INFO mapreduce.Job:  map 68% reduce 22%
2018-08-08 18:13:09,911 INFO mapreduce.Job:  map 69% reduce 23%
2018-08-08 18:13:16,937 INFO mapreduce.Job:  map 70% reduce 23%
2018-08-08 18:13:18,945 INFO mapreduce.Job:  map 71% reduce 23%
2018-08-08 18:13:21,956 INFO mapreduce.Job:  map 71% reduce 24%
2018-08-08 18:13:25,972 INFO mapreduce.Job:  map 72% reduce 24%
2018-08-08 18:13:27,979 INFO mapreduce.Job:  map 73% reduce 24%
2018-08-08 18:13:33,998 INFO mapreduce.Job:  map 74% reduce 25%
2018-08-08 18:13:37,009 INFO mapreduce.Job:  map 76% reduce 25%
2018-08-08 18:13:43,030 INFO mapreduce.Job:  map 77% reduce 25%
2018-08-08 18:13:46,042 INFO mapreduce.Job:  map 78% reduce 26%
2018-08-08 18:13:52,068 INFO mapreduce.Job:  map 79% reduce 26%
2018-08-08 18:13:54,074 INFO mapreduce.Job:  map 80% reduce 26%
2018-08-08 18:13:58,090 INFO mapreduce.Job:  map 80% reduce 27%
2018-08-08 18:14:01,102 INFO mapreduce.Job:  map 81% reduce 27%
2018-08-08 18:14:03,113 INFO mapreduce.Job:  map 82% reduce 27%
2018-08-08 18:14:09,132 INFO mapreduce.Job:  map 83% reduce 27%
2018-08-08 18:14:10,136 INFO mapreduce.Job:  map 83% reduce 28%
2018-08-08 18:14:11,139 INFO mapreduce.Job:  map 84% reduce 28%
2018-08-08 18:14:18,162 INFO mapreduce.Job:  map 85% reduce 28%
2018-08-08 18:14:20,170 INFO mapreduce.Job:  map 86% reduce 28%
2018-08-08 18:14:22,178 INFO mapreduce.Job:  map 86% reduce 29%
2018-08-08 18:14:26,198 INFO mapreduce.Job:  map 87% reduce 29%
2018-08-08 18:14:29,210 INFO mapreduce.Job:  map 88% reduce 29%
2018-08-08 18:14:34,229 INFO mapreduce.Job:  map 89% reduce 30%
2018-08-08 18:14:37,240 INFO mapreduce.Job:  map 90% reduce 30%
2018-08-08 18:14:43,259 INFO mapreduce.Job:  map 91% reduce 30%
2018-08-08 18:14:45,265 INFO mapreduce.Job:  map 93% reduce 30%
2018-08-08 18:14:46,268 INFO mapreduce.Job:  map 93% reduce 31%
2018-08-08 18:14:52,290 INFO mapreduce.Job:  map 94% reduce 31%
2018-08-08 18:14:54,299 INFO mapreduce.Job:  map 95% reduce 31%
2018-08-08 18:14:58,313 INFO mapreduce.Job:  map 95% reduce 32%
2018-08-08 18:15:01,324 INFO mapreduce.Job:  map 96% reduce 32%
2018-08-08 18:15:03,333 INFO mapreduce.Job:  map 97% reduce 32%
2018-08-08 18:15:09,361 INFO mapreduce.Job:  map 98% reduce 32%
2018-08-08 18:15:10,365 INFO mapreduce.Job:  map 98% reduce 33%
2018-08-08 18:15:11,370 INFO mapreduce.Job:  map 99% reduce 33%
2018-08-08 18:15:17,388 INFO mapreduce.Job:  map 100% reduce 33%
2018-08-08 18:15:20,398 INFO mapreduce.Job:  map 100% reduce 100%
2018-08-08 18:15:21,405 INFO mapreduce.Job: Job job_1531350420733_0474 completed successfully
2018-08-08 18:15:21,521 INFO mapreduce.Job: Counters: 59
	File System Counters
		FILE: Number of bytes read=58690885
		FILE: Number of bytes written=137115852
		FILE: Number of read operations=0
		FILE: Number of large read operations=0
		FILE: Number of write operations=0
		HDFS: Number of bytes read=12615347398
		HDFS: Number of bytes written=54946467
		HDFS: Number of read operations=287
		HDFS: Number of large read operations=0
		HDFS: Number of write operations=2
	Job Counters 
		Launched map tasks=94
		Launched reduce tasks=1
		Data-local map tasks=94
		Total time spent by all maps in occupied slots (ms)=1693524
		Total time spent by all reduces in occupied slots (ms)=744423
		Total time spent by all map tasks (ms)=846762
		Total time spent by all reduce tasks (ms)=248141
		Total vcore-milliseconds taken by all map tasks=846762
		Total vcore-milliseconds taken by all reduce tasks=248141
		Total megabyte-milliseconds taken by all map tasks=5202505728
		Total megabyte-milliseconds taken by all reduce tasks=2032771072
	Map-Reduce Framework
		Time taken to read_SC (MILLIS)=146408
		Time taken to write_SC (MILLIS)=266
		Time taken to collect_SC (MILLIS)=4590
		Time taken to spill_SC (MILLIS)=26335
		Time taken to merge_SC (MILLIS)=1191
		Time taken to shuffle_SC (MILLIS)=243215
		Map input records=10000000
		Map output records=6700324
		Map output bytes=374196372
		Map output materialized bytes=58691443
		Input split bytes=11562
		Combine input records=6700324
		Combine output records=88751
		Reduce input groups=19023
		Reduce shuffle bytes=58691443
		Reduce input records=88751
		Reduce output records=19023
		Spilled Records=177502
		Shuffled Maps =94
		Failed Shuffles=0
		Merged Map outputs=94
		GC time elapsed (ms)=15768
		CPU time spent (ms)=781530
		Physical memory (bytes) snapshot=67557740544
		Virtual memory (bytes) snapshot=384830816256
		Total committed heap usage (bytes)=70844416000
		Peak Map Physical memory (bytes)=826261504
		Peak Map Virtual memory (bytes)=4009525248
		Peak Reduce Physical memory (bytes)=590274560
		Peak Reduce Virtual memory (bytes)=8908881920
	Shuffle Errors
		BAD_ID=0
		CONNECTION=0
		IO_ERROR=0
		WRONG_LENGTH=0
		WRONG_MAP=0
		WRONG_REDUCE=0
	File Input Format Counters 
		Bytes Read=12615335836
	File Output Format Counters 
		Bytes Written=54946467
