2018-08-10 16:52:03,514 INFO client.RMProxy: Connecting to ResourceManager at /0.0.0.0:8032
2018-08-10 16:52:04,146 INFO mapreduce.JobResourceUploader: Disabling Erasure Coding for path: /tmp/hadoop-yarn/staging/sc306/.staging/job_1531350420733_0506
2018-08-10 16:52:04,369 INFO input.FileInputFormat: Total input files to process : 1
2018-08-10 16:52:04,413 INFO input.FileInputFormat: Total input files to process : 1
2018-08-10 16:52:04,467 INFO mapreduce.JobSubmitter: number of splits:152
2018-08-10 16:52:04,505 INFO Configuration.deprecation: yarn.resourcemanager.system-metrics-publisher.enabled is deprecated. Instead, use yarn.system-metrics-publisher.enabled
2018-08-10 16:52:04,614 INFO mapreduce.JobSubmitter: Submitting tokens for job: job_1531350420733_0506
2018-08-10 16:52:04,616 INFO mapreduce.JobSubmitter: Executing with tokens: []
2018-08-10 16:52:04,822 INFO conf.Configuration: resource-types.xml not found
2018-08-10 16:52:04,822 INFO resource.ResourceUtils: Unable to find 'resource-types.xml'.
2018-08-10 16:52:04,893 INFO impl.YarnClientImpl: Submitted application application_1531350420733_0506
2018-08-10 16:52:04,938 INFO mapreduce.Job: The url to track the job: http://localhost:8088/proxy/application_1531350420733_0506/
2018-08-10 16:52:04,939 INFO mapreduce.Job: Running job: job_1531350420733_0506
2018-08-10 16:52:12,093 INFO mapreduce.Job: Job job_1531350420733_0506 running in uber mode : false
2018-08-10 16:52:12,094 INFO mapreduce.Job:  map 0% reduce 0%
2018-08-10 16:52:28,283 INFO mapreduce.Job:  map 2% reduce 0%
2018-08-10 16:52:41,573 INFO mapreduce.Job:  map 3% reduce 0%
2018-08-10 16:52:42,584 INFO mapreduce.Job:  map 4% reduce 0%
2018-08-10 16:52:57,684 INFO mapreduce.Job:  map 6% reduce 0%
2018-08-10 16:53:17,807 INFO mapreduce.Job:  map 7% reduce 0%
2018-08-10 16:53:21,832 INFO mapreduce.Job:  map 8% reduce 0%
2018-08-10 16:53:38,931 INFO mapreduce.Job:  map 9% reduce 0%
2018-08-10 16:53:41,945 INFO mapreduce.Job:  map 10% reduce 0%
2018-08-10 16:53:58,035 INFO mapreduce.Job:  map 11% reduce 0%
2018-08-10 16:54:03,057 INFO mapreduce.Job:  map 12% reduce 0%
2018-08-10 16:54:19,156 INFO mapreduce.Job:  map 13% reduce 0%
2018-08-10 16:54:22,170 INFO mapreduce.Job:  map 14% reduce 0%
2018-08-10 16:54:38,250 INFO mapreduce.Job:  map 15% reduce 0%
2018-08-10 16:54:41,263 INFO mapreduce.Job:  map 16% reduce 0%
2018-08-10 16:54:57,343 INFO mapreduce.Job:  map 17% reduce 0%
2018-08-10 16:55:00,355 INFO mapreduce.Job:  map 18% reduce 0%
2018-08-10 16:55:16,449 INFO mapreduce.Job:  map 19% reduce 0%
2018-08-10 16:55:19,465 INFO mapreduce.Job:  map 20% reduce 0%
2018-08-10 16:55:36,577 INFO mapreduce.Job:  map 21% reduce 0%
2018-08-10 16:55:39,605 INFO mapreduce.Job:  map 22% reduce 0%
2018-08-10 16:55:55,668 INFO mapreduce.Job:  map 23% reduce 0%
2018-08-10 16:55:59,681 INFO mapreduce.Job:  map 24% reduce 0%
2018-08-10 16:56:16,759 INFO mapreduce.Job:  map 25% reduce 0%
2018-08-10 16:56:18,769 INFO mapreduce.Job:  map 26% reduce 0%
2018-08-10 16:56:35,853 INFO mapreduce.Job:  map 27% reduce 0%
2018-08-10 16:56:38,871 INFO mapreduce.Job:  map 28% reduce 0%
2018-08-10 16:56:53,945 INFO mapreduce.Job:  map 29% reduce 0%
2018-08-10 16:56:59,966 INFO mapreduce.Job:  map 30% reduce 0%
2018-08-10 16:57:16,046 INFO mapreduce.Job:  map 31% reduce 0%
2018-08-10 16:57:19,061 INFO mapreduce.Job:  map 32% reduce 0%
2018-08-10 16:57:35,131 INFO mapreduce.Job:  map 33% reduce 0%
2018-08-10 16:57:40,147 INFO mapreduce.Job:  map 34% reduce 0%
2018-08-10 16:57:56,218 INFO mapreduce.Job:  map 35% reduce 0%
2018-08-10 16:57:58,226 INFO mapreduce.Job:  map 36% reduce 0%
2018-08-10 16:58:14,290 INFO mapreduce.Job:  map 37% reduce 0%
2018-08-10 16:58:20,310 INFO mapreduce.Job:  map 38% reduce 0%
2018-08-10 16:58:35,372 INFO mapreduce.Job:  map 39% reduce 0%
2018-08-10 16:58:55,454 INFO mapreduce.Job:  map 41% reduce 0%
2018-08-10 16:59:13,536 INFO mapreduce.Job:  map 42% reduce 5%
2018-08-10 16:59:18,555 INFO mapreduce.Job:  map 43% reduce 5%
2018-08-10 16:59:19,559 INFO mapreduce.Job:  map 43% reduce 7%
2018-08-10 16:59:34,621 INFO mapreduce.Job:  map 44% reduce 7%
2018-08-10 16:59:49,685 INFO mapreduce.Job:  map 44% reduce 10%
2018-08-10 16:59:55,701 INFO mapreduce.Job:  map 44% reduce 11%
2018-08-10 17:00:33,822 INFO mapreduce.Job:  map 44% reduce 14%
2018-08-10 17:00:39,843 INFO mapreduce.Job:  map 44% reduce 15%
2018-08-10 17:00:48,869 INFO mapreduce.Job:  map 45% reduce 15%
2018-08-10 17:02:04,083 INFO mapreduce.Job:  map 46% reduce 15%
2018-08-10 17:02:30,151 INFO mapreduce.Job:  map 47% reduce 15%
2018-08-10 17:02:35,169 INFO mapreduce.Job:  map 47% reduce 16%
2018-08-10 17:02:44,200 INFO mapreduce.Job:  map 48% reduce 16%
2018-08-10 17:02:57,239 INFO mapreduce.Job:  map 49% reduce 16%
2018-08-10 17:03:13,292 INFO mapreduce.Job:  map 51% reduce 16%
2018-08-10 17:03:18,305 INFO mapreduce.Job:  map 51% reduce 17%
2018-08-10 17:03:29,348 INFO mapreduce.Job:  map 52% reduce 17%
2018-08-10 17:03:48,406 INFO mapreduce.Job:  map 53% reduce 17%
2018-08-10 17:03:54,424 INFO mapreduce.Job:  map 53% reduce 18%
2018-08-10 17:04:02,838 INFO mapreduce.Job:  map 54% reduce 18%
2018-08-10 17:04:05,847 INFO mapreduce.Job:  map 55% reduce 18%
2018-08-10 17:04:21,896 INFO mapreduce.Job:  map 56% reduce 18%
2018-08-10 17:04:29,921 INFO mapreduce.Job:  map 56% reduce 19%
2018-08-10 17:04:35,940 INFO mapreduce.Job:  map 57% reduce 19%
2018-08-10 17:05:01,005 INFO mapreduce.Job:  map 58% reduce 19%
2018-08-10 17:05:49,114 INFO mapreduce.Job:  map 59% reduce 19%
2018-08-10 17:05:55,133 INFO mapreduce.Job:  map 59% reduce 20%
2018-08-10 17:06:02,158 INFO mapreduce.Job:  map 60% reduce 20%
2018-08-10 17:06:11,186 INFO mapreduce.Job:  map 61% reduce 20%
2018-08-10 17:06:26,236 INFO mapreduce.Job:  map 62% reduce 20%
2018-08-10 17:06:29,245 INFO mapreduce.Job:  map 63% reduce 20%
2018-08-10 17:06:32,255 INFO mapreduce.Job:  map 63% reduce 21%
2018-08-10 17:06:46,297 INFO mapreduce.Job:  map 64% reduce 21%
2018-08-10 17:07:02,352 INFO mapreduce.Job:  map 65% reduce 21%
2018-08-10 17:07:08,369 INFO mapreduce.Job:  map 65% reduce 22%
2018-08-10 17:07:20,406 INFO mapreduce.Job:  map 66% reduce 22%
2018-08-10 17:07:37,455 INFO mapreduce.Job:  map 68% reduce 22%
2018-08-10 17:07:44,474 INFO mapreduce.Job:  map 68% reduce 23%
2018-08-10 17:07:51,492 INFO mapreduce.Job:  map 69% reduce 23%
2018-08-10 17:08:08,540 INFO mapreduce.Job:  map 70% reduce 23%
2018-08-10 17:08:34,608 INFO mapreduce.Job:  map 71% reduce 23%
2018-08-10 17:09:16,699 INFO mapreduce.Job:  map 72% reduce 23%
2018-08-10 17:09:20,710 INFO mapreduce.Job:  map 72% reduce 24%
2018-08-10 17:09:31,748 INFO mapreduce.Job:  map 73% reduce 24%
2018-08-10 17:09:45,790 INFO mapreduce.Job:  map 74% reduce 24%
2018-08-10 17:09:50,802 INFO mapreduce.Job:  map 74% reduce 25%
2018-08-10 17:10:00,832 INFO mapreduce.Job:  map 76% reduce 25%
2018-08-10 17:10:18,884 INFO mapreduce.Job:  map 77% reduce 25%
2018-08-10 17:10:26,908 INFO mapreduce.Job:  map 77% reduce 26%
2018-08-10 17:10:34,928 INFO mapreduce.Job:  map 78% reduce 26%
2018-08-10 17:10:52,979 INFO mapreduce.Job:  map 79% reduce 26%
2018-08-10 17:10:53,982 INFO mapreduce.Job:  map 80% reduce 26%
2018-08-10 17:10:56,992 INFO mapreduce.Job:  map 80% reduce 27%
2018-08-10 17:11:10,027 INFO mapreduce.Job:  map 81% reduce 27%
2018-08-10 17:11:26,069 INFO mapreduce.Job:  map 82% reduce 27%
2018-08-10 17:11:42,116 INFO mapreduce.Job:  map 83% reduce 27%
2018-08-10 17:11:45,124 INFO mapreduce.Job:  map 83% reduce 28%
2018-08-10 17:11:48,132 INFO mapreduce.Job:  map 84% reduce 28%
2018-08-10 17:12:05,182 INFO mapreduce.Job:  map 85% reduce 28%
2018-08-10 17:13:11,341 INFO mapreduce.Job:  map 86% reduce 28%
2018-08-10 17:13:15,353 INFO mapreduce.Job:  map 86% reduce 29%
2018-08-10 17:13:27,385 INFO mapreduce.Job:  map 87% reduce 29%
2018-08-10 17:13:32,399 INFO mapreduce.Job:  map 88% reduce 29%
2018-08-10 17:13:45,436 INFO mapreduce.Job:  map 89% reduce 29%
2018-08-10 17:13:51,449 INFO mapreduce.Job:  map 89% reduce 30%
2018-08-10 17:14:00,473 INFO mapreduce.Job:  map 90% reduce 30%
2018-08-10 17:14:12,502 INFO mapreduce.Job:  map 91% reduce 30%
2018-08-10 17:14:30,555 INFO mapreduce.Job:  map 92% reduce 30%
2018-08-10 17:14:32,560 INFO mapreduce.Job:  map 93% reduce 30%
2018-08-10 17:14:33,662 INFO mapreduce.Job:  map 93% reduce 31%
2018-08-10 17:14:46,701 INFO mapreduce.Job:  map 94% reduce 31%
2018-08-10 17:14:58,730 INFO mapreduce.Job:  map 95% reduce 31%
2018-08-10 17:15:04,744 INFO mapreduce.Job:  map 95% reduce 32%
2018-08-10 17:15:13,770 INFO mapreduce.Job:  map 96% reduce 32%
2018-08-10 17:15:24,796 INFO mapreduce.Job:  map 97% reduce 32%
2018-08-10 17:15:41,846 INFO mapreduce.Job:  map 98% reduce 32%
2018-08-10 17:15:46,859 INFO mapreduce.Job:  map 98% reduce 33%
2018-08-10 17:16:00,896 INFO mapreduce.Job:  map 99% reduce 33%
2018-08-10 17:17:00,024 INFO mapreduce.Job:  map 100% reduce 33%
2018-08-10 17:17:05,036 INFO mapreduce.Job:  map 100% reduce 65%
2018-08-10 17:17:11,060 INFO mapreduce.Job:  map 100% reduce 67%
2018-08-10 17:17:41,127 INFO mapreduce.Job:  map 100% reduce 68%
2018-08-10 17:18:23,224 INFO mapreduce.Job:  map 100% reduce 69%
2018-08-10 17:19:17,343 INFO mapreduce.Job:  map 100% reduce 70%
2018-08-10 17:19:59,481 INFO mapreduce.Job:  map 100% reduce 71%
2018-08-10 17:20:53,604 INFO mapreduce.Job:  map 100% reduce 72%
2018-08-10 17:21:47,723 INFO mapreduce.Job:  map 100% reduce 73%
2018-08-10 17:22:37,881 INFO mapreduce.Job:  map 100% reduce 74%
2018-08-10 17:23:31,990 INFO mapreduce.Job:  map 100% reduce 75%
2018-08-10 17:24:26,084 INFO mapreduce.Job:  map 100% reduce 76%
2018-08-10 17:25:14,175 INFO mapreduce.Job:  map 100% reduce 77%
2018-08-10 17:26:08,286 INFO mapreduce.Job:  map 100% reduce 78%
2018-08-10 17:26:56,375 INFO mapreduce.Job:  map 100% reduce 79%
2018-08-10 17:27:38,450 INFO mapreduce.Job:  map 100% reduce 80%
2018-08-10 17:28:32,802 INFO mapreduce.Job:  map 100% reduce 81%
2018-08-10 17:29:15,106 INFO mapreduce.Job:  map 100% reduce 82%
2018-08-10 17:30:09,206 INFO mapreduce.Job:  map 100% reduce 83%
2018-08-10 17:30:51,277 INFO mapreduce.Job:  map 100% reduce 84%
2018-08-10 17:31:39,439 INFO mapreduce.Job:  map 100% reduce 85%
2018-08-10 17:32:27,527 INFO mapreduce.Job:  map 100% reduce 86%
2018-08-10 17:33:16,607 INFO mapreduce.Job:  map 100% reduce 87%
2018-08-10 17:33:58,675 INFO mapreduce.Job:  map 100% reduce 88%
2018-08-10 17:34:46,750 INFO mapreduce.Job:  map 100% reduce 89%
2018-08-10 17:35:34,834 INFO mapreduce.Job:  map 100% reduce 90%
2018-08-10 17:36:17,908 INFO mapreduce.Job:  map 100% reduce 91%
2018-08-10 17:37:05,989 INFO mapreduce.Job:  map 100% reduce 92%
2018-08-10 17:37:48,059 INFO mapreduce.Job:  map 100% reduce 93%
2018-08-10 17:38:30,162 INFO mapreduce.Job:  map 100% reduce 94%
2018-08-10 17:39:18,239 INFO mapreduce.Job:  map 100% reduce 95%
2018-08-10 17:40:00,305 INFO mapreduce.Job:  map 100% reduce 96%
2018-08-10 17:40:42,369 INFO mapreduce.Job:  map 100% reduce 97%
2018-08-10 17:41:30,439 INFO mapreduce.Job:  map 100% reduce 98%
2018-08-10 17:42:12,505 INFO mapreduce.Job:  map 100% reduce 99%
2018-08-10 17:42:54,768 INFO mapreduce.Job:  map 100% reduce 100%
2018-08-10 17:43:16,919 INFO mapreduce.Job: Job job_1531350420733_0506 completed successfully
2018-08-10 17:43:17,786 INFO mapreduce.Job: Counters: 62
	File System Counters
		FILE: Number of bytes read=42057055387
		FILE: Number of bytes written=63146936920
		FILE: Number of read operations=0
		FILE: Number of large read operations=0
		FILE: Number of write operations=0
		HDFS: Number of bytes read=20313669770
		HDFS: Number of bytes written=58353724894
		HDFS: Number of read operations=461
		HDFS: Number of large read operations=0
		HDFS: Number of write operations=2
	Job Counters 
		Killed map tasks=1
		Launched map tasks=153
		Launched reduce tasks=1
		Data-local map tasks=153
		Total time spent by all maps in occupied slots (ms)=6455426
		Total time spent by all reduces in occupied slots (ms)=7970976
		Total time spent by all map tasks (ms)=3227713
		Total time spent by all reduce tasks (ms)=2656992
		Total vcore-milliseconds taken by all map tasks=3227713
		Total vcore-milliseconds taken by all reduce tasks=2656992
		Total megabyte-milliseconds taken by all map tasks=19831068672
		Total megabyte-milliseconds taken by all reduce tasks=21766078464
	Map-Reduce Framework
		Time taken to read_SC (MILLIS)=251378
		Time taken to write_SC (MILLIS)=340798
		Time taken to collect_SC (MILLIS)=463994
		Time taken to spill_SC (MILLIS)=954257
		Time taken to merge_SC (MILLIS)=617533
		Time taken to shuffle_SC (MILLIS)=1083707
		Map input records=75350154
		Map output records=74640306
		Map output bytes=20800223650
		Map output materialized bytes=21058048367
		Input split bytes=44059
		Combine input records=0
		Combine output records=0
		Reduce input groups=8917516
		Reduce shuffle bytes=21058048367
		Reduce input records=74640306
		Reduce output records=72137963
		Spilled Records=223708298
		Shuffled Maps =152
		Failed Shuffles=0
		Merged Map outputs=152
		GC time elapsed (ms)=39251
		CPU time spent (ms)=3138970
		Physical memory (bytes) snapshot=140214398976
		Virtual memory (bytes) snapshot=616506028032
		Total committed heap usage (bytes)=141966704640
		Peak Map Physical memory (bytes)=944435200
		Peak Map Virtual memory (bytes)=4013494272
		Peak Reduce Physical memory (bytes)=7095074816
		Peak Reduce Virtual memory (bytes)=8903315456
	Shuffle Errors
		BAD_ID=0
		CONNECTION=0
		IO_ERROR=0
		WRONG_LENGTH=0
		WRONG_MAP=0
		WRONG_REDUCE=0
	bdl.standrews.ac.uk.ReduceSideJoinDriver$MAP_RED_CUSTOM
		MAP_TIME_MILLIS=1054827
		REDUCE_TIME_MILLIS=1410707
	File Input Format Counters 
		Bytes Read=0
	File Output Format Counters 
		Bytes Written=58353724894

