2018-08-08 20:43:01,866 WARN util.NativeCodeLoader: Unable to load native-hadoop library for your platform... using builtin-java classes where applicable
2018-08-08 20:43:02,918 INFO client.RMProxy: Connecting to ResourceManager at /0.0.0.0:8032
2018-08-08 20:43:03,549 INFO mapreduce.JobResourceUploader: Disabling Erasure Coding for path: /tmp/hadoop-yarn/staging/sc306/.staging/job_1531350420733_0477
2018-08-08 20:43:03,767 INFO input.FileInputFormat: Total input files to process : 1
2018-08-08 20:43:03,838 INFO mapreduce.JobSubmitter: number of splits:131
2018-08-08 20:43:03,876 INFO Configuration.deprecation: yarn.resourcemanager.system-metrics-publisher.enabled is deprecated. Instead, use yarn.system-metrics-publisher.enabled
2018-08-08 20:43:03,985 INFO mapreduce.JobSubmitter: Submitting tokens for job: job_1531350420733_0477
2018-08-08 20:43:03,987 INFO mapreduce.JobSubmitter: Executing with tokens: []
2018-08-08 20:43:04,193 INFO conf.Configuration: resource-types.xml not found
2018-08-08 20:43:04,194 INFO resource.ResourceUtils: Unable to find 'resource-types.xml'.
2018-08-08 20:43:04,267 INFO impl.YarnClientImpl: Submitted application application_1531350420733_0477
2018-08-08 20:43:04,313 INFO mapreduce.Job: The url to track the job: http://localhost:8088/proxy/application_1531350420733_0477/
2018-08-08 20:43:04,314 INFO mapreduce.Job: Running job: job_1531350420733_0477
2018-08-08 20:43:11,418 INFO mapreduce.Job: Job job_1531350420733_0477 running in uber mode : false
2018-08-08 20:43:11,419 INFO mapreduce.Job:  map 0% reduce 0%
2018-08-08 20:43:24,567 INFO mapreduce.Job:  map 2% reduce 0%
2018-08-08 20:43:34,643 INFO mapreduce.Job:  map 3% reduce 0%
2018-08-08 20:43:35,649 INFO mapreduce.Job:  map 5% reduce 0%
2018-08-08 20:43:46,728 INFO mapreduce.Job:  map 7% reduce 0%
2018-08-08 20:43:58,806 INFO mapreduce.Job:  map 9% reduce 0%
2018-08-08 20:44:09,873 INFO mapreduce.Job:  map 10% reduce 0%
2018-08-08 20:44:10,882 INFO mapreduce.Job:  map 11% reduce 0%
2018-08-08 20:44:21,403 INFO mapreduce.Job:  map 13% reduce 0%
2018-08-08 20:44:22,412 INFO mapreduce.Job:  map 14% reduce 0%
2018-08-08 20:44:33,493 INFO mapreduce.Job:  map 16% reduce 0%
2018-08-08 20:44:44,562 INFO mapreduce.Job:  map 18% reduce 0%
2018-08-08 20:44:56,813 INFO mapreduce.Job:  map 20% reduce 0%
2018-08-08 20:44:57,819 INFO mapreduce.Job:  map 21% reduce 0%
2018-08-08 20:45:09,885 INFO mapreduce.Job:  map 23% reduce 0%
2018-08-08 20:45:21,960 INFO mapreduce.Job:  map 25% reduce 0%
2018-08-08 20:45:33,013 INFO mapreduce.Job:  map 27% reduce 0%
2018-08-08 20:45:45,072 INFO mapreduce.Job:  map 28% reduce 0%
2018-08-08 20:45:46,078 INFO mapreduce.Job:  map 30% reduce 0%
2018-08-08 20:45:57,134 INFO mapreduce.Job:  map 31% reduce 0%
2018-08-08 20:45:58,139 INFO mapreduce.Job:  map 32% reduce 0%
2018-08-08 20:46:08,194 INFO mapreduce.Job:  map 33% reduce 0%
2018-08-08 20:46:09,198 INFO mapreduce.Job:  map 34% reduce 0%
2018-08-08 20:46:21,273 INFO mapreduce.Job:  map 37% reduce 0%
2018-08-08 20:46:33,346 INFO mapreduce.Job:  map 39% reduce 0%
2018-08-08 20:46:44,393 INFO mapreduce.Job:  map 40% reduce 0%
2018-08-08 20:46:45,397 INFO mapreduce.Job:  map 41% reduce 0%
2018-08-08 20:46:56,439 INFO mapreduce.Job:  map 43% reduce 0%
2018-08-08 20:47:01,461 INFO mapreduce.Job:  map 43% reduce 14%
2018-08-08 20:47:06,483 INFO mapreduce.Job:  map 44% reduce 14%
2018-08-08 20:47:07,488 INFO mapreduce.Job:  map 44% reduce 15%
2018-08-08 20:47:17,528 INFO mapreduce.Job:  map 45% reduce 15%
2018-08-08 20:47:18,531 INFO mapreduce.Job:  map 46% reduce 15%
2018-08-08 20:47:27,563 INFO mapreduce.Job:  map 47% reduce 15%
2018-08-08 20:47:31,582 INFO mapreduce.Job:  map 47% reduce 16%
2018-08-08 20:47:38,609 INFO mapreduce.Job:  map 48% reduce 16%
2018-08-08 20:47:39,614 INFO mapreduce.Job:  map 49% reduce 16%
2018-08-08 20:47:48,652 INFO mapreduce.Job:  map 50% reduce 16%
2018-08-08 20:47:49,656 INFO mapreduce.Job:  map 50% reduce 17%
2018-08-08 20:47:58,694 INFO mapreduce.Job:  map 51% reduce 17%
2018-08-08 20:47:59,698 INFO mapreduce.Job:  map 52% reduce 17%
2018-08-08 20:48:09,733 INFO mapreduce.Job:  map 53% reduce 17%
2018-08-08 20:48:13,749 INFO mapreduce.Job:  map 53% reduce 18%
2018-08-08 20:48:19,770 INFO mapreduce.Job:  map 54% reduce 18%
2018-08-08 20:48:20,773 INFO mapreduce.Job:  map 55% reduce 18%
2018-08-08 20:48:30,811 INFO mapreduce.Job:  map 56% reduce 18%
2018-08-08 20:48:31,818 INFO mapreduce.Job:  map 56% reduce 19%
2018-08-08 20:48:40,857 INFO mapreduce.Job:  map 57% reduce 19%
2018-08-08 20:48:42,867 INFO mapreduce.Job:  map 58% reduce 19%
2018-08-08 20:48:51,894 INFO mapreduce.Job:  map 59% reduce 19%
2018-08-08 20:48:53,901 INFO mapreduce.Job:  map 60% reduce 19%
2018-08-08 20:48:55,911 INFO mapreduce.Job:  map 60% reduce 20%
2018-08-08 20:49:04,942 INFO mapreduce.Job:  map 61% reduce 20%
2018-08-08 20:49:13,971 INFO mapreduce.Job:  map 62% reduce 20%
2018-08-08 20:49:15,978 INFO mapreduce.Job:  map 63% reduce 20%
2018-08-08 20:49:19,993 INFO mapreduce.Job:  map 63% reduce 21%
2018-08-08 20:49:27,016 INFO mapreduce.Job:  map 64% reduce 21%
2018-08-08 20:49:35,043 INFO mapreduce.Job:  map 65% reduce 21%
2018-08-08 20:49:38,054 INFO mapreduce.Job:  map 66% reduce 22%
2018-08-08 20:49:49,094 INFO mapreduce.Job:  map 67% reduce 22%
2018-08-08 20:49:57,126 INFO mapreduce.Job:  map 68% reduce 22%
2018-08-08 20:49:59,133 INFO mapreduce.Job:  map 69% reduce 22%
2018-08-08 20:50:02,145 INFO mapreduce.Job:  map 69% reduce 23%
2018-08-08 20:50:10,173 INFO mapreduce.Job:  map 70% reduce 23%
2018-08-08 20:50:19,203 INFO mapreduce.Job:  map 71% reduce 23%
2018-08-08 20:50:20,206 INFO mapreduce.Job:  map 71% reduce 24%
2018-08-08 20:50:21,209 INFO mapreduce.Job:  map 72% reduce 24%
2018-08-08 20:50:29,235 INFO mapreduce.Job:  map 73% reduce 24%
2018-08-08 20:50:39,271 INFO mapreduce.Job:  map 74% reduce 24%
2018-08-08 20:50:43,285 INFO mapreduce.Job:  map 75% reduce 24%
2018-08-08 20:50:44,288 INFO mapreduce.Job:  map 75% reduce 25%
2018-08-08 20:50:49,308 INFO mapreduce.Job:  map 76% reduce 25%
2018-08-08 20:51:00,345 INFO mapreduce.Job:  map 77% reduce 25%
2018-08-08 20:51:02,352 INFO mapreduce.Job:  map 77% reduce 26%
2018-08-08 20:51:04,360 INFO mapreduce.Job:  map 78% reduce 26%
2018-08-08 20:51:11,385 INFO mapreduce.Job:  map 79% reduce 26%
2018-08-08 20:51:23,429 INFO mapreduce.Job:  map 80% reduce 26%
2018-08-08 20:51:25,435 INFO mapreduce.Job:  map 81% reduce 26%
2018-08-08 20:51:26,438 INFO mapreduce.Job:  map 81% reduce 27%
2018-08-08 20:51:34,466 INFO mapreduce.Job:  map 82% reduce 27%
2018-08-08 20:51:45,502 INFO mapreduce.Job:  map 83% reduce 27%
2018-08-08 20:51:47,510 INFO mapreduce.Job:  map 84% reduce 27%
2018-08-08 20:51:50,520 INFO mapreduce.Job:  map 84% reduce 28%
2018-08-08 20:51:56,540 INFO mapreduce.Job:  map 85% reduce 28%
2018-08-08 20:52:07,063 INFO mapreduce.Job:  map 86% reduce 28%
2018-08-08 20:52:09,068 INFO mapreduce.Job:  map 87% reduce 29%
2018-08-08 20:52:19,099 INFO mapreduce.Job:  map 89% reduce 29%
2018-08-08 20:52:21,105 INFO mapreduce.Job:  map 89% reduce 30%
2018-08-08 20:52:30,133 INFO mapreduce.Job:  map 90% reduce 30%
2018-08-08 20:52:39,162 INFO mapreduce.Job:  map 91% reduce 30%
2018-08-08 20:52:40,165 INFO mapreduce.Job:  map 92% reduce 30%
2018-08-08 20:52:45,181 INFO mapreduce.Job:  map 92% reduce 31%
2018-08-08 20:52:50,197 INFO mapreduce.Job:  map 93% reduce 31%
2018-08-08 20:53:00,226 INFO mapreduce.Job:  map 94% reduce 31%
2018-08-08 20:53:01,229 INFO mapreduce.Job:  map 95% reduce 31%
2018-08-08 20:53:03,235 INFO mapreduce.Job:  map 95% reduce 32%
2018-08-08 20:53:11,260 INFO mapreduce.Job:  map 96% reduce 32%
2018-08-08 20:53:21,295 INFO mapreduce.Job:  map 98% reduce 32%
2018-08-08 20:53:27,313 INFO mapreduce.Job:  map 98% reduce 33%
2018-08-08 20:53:32,330 INFO mapreduce.Job:  map 99% reduce 33%
2018-08-08 20:53:39,347 INFO mapreduce.Job:  map 100% reduce 33%
2018-08-08 20:53:45,359 INFO mapreduce.Job:  map 100% reduce 37%
2018-08-08 20:53:51,369 INFO mapreduce.Job:  map 100% reduce 40%
2018-08-08 20:53:57,381 INFO mapreduce.Job:  map 100% reduce 43%
2018-08-08 20:54:03,391 INFO mapreduce.Job:  map 100% reduce 46%
2018-08-08 20:54:09,402 INFO mapreduce.Job:  map 100% reduce 49%
2018-08-08 20:54:15,416 INFO mapreduce.Job:  map 100% reduce 51%
2018-08-08 20:54:21,429 INFO mapreduce.Job:  map 100% reduce 54%
2018-08-08 20:54:27,441 INFO mapreduce.Job:  map 100% reduce 57%
2018-08-08 20:54:33,451 INFO mapreduce.Job:  map 100% reduce 61%
2018-08-08 20:54:39,463 INFO mapreduce.Job:  map 100% reduce 64%
2018-08-08 20:54:45,712 INFO mapreduce.Job:  map 100% reduce 66%
2018-08-08 20:54:51,725 INFO mapreduce.Job:  map 100% reduce 68%
2018-08-08 20:54:57,738 INFO mapreduce.Job:  map 100% reduce 71%
2018-08-08 20:55:03,751 INFO mapreduce.Job:  map 100% reduce 74%
2018-08-08 20:55:09,764 INFO mapreduce.Job:  map 100% reduce 76%
2018-08-08 20:55:15,775 INFO mapreduce.Job:  map 100% reduce 79%
2018-08-08 20:55:21,786 INFO mapreduce.Job:  map 100% reduce 82%
2018-08-08 20:55:27,797 INFO mapreduce.Job:  map 100% reduce 84%
2018-08-08 20:55:33,810 INFO mapreduce.Job:  map 100% reduce 87%
2018-08-08 20:55:39,820 INFO mapreduce.Job:  map 100% reduce 90%
2018-08-08 20:55:45,830 INFO mapreduce.Job:  map 100% reduce 92%
2018-08-08 20:55:51,839 INFO mapreduce.Job:  map 100% reduce 95%
2018-08-08 20:55:57,849 INFO mapreduce.Job:  map 100% reduce 98%
2018-08-08 20:56:03,861 INFO mapreduce.Job:  map 100% reduce 100%
2018-08-08 20:56:03,864 INFO mapreduce.Job: Job job_1531350420733_0477 completed successfully
2018-08-08 20:56:04,023 INFO mapreduce.Job: Counters: 61
	File System Counters
		FILE: Number of bytes read=664326416
		FILE: Number of bytes written=1356104165
		FILE: Number of read operations=0
		FILE: Number of large read operations=0
		FILE: Number of write operations=0
		HDFS: Number of bytes read=17505252407
		HDFS: Number of bytes written=451
		HDFS: Number of read operations=398
		HDFS: Number of large read operations=0
		HDFS: Number of write operations=2
	Job Counters 
		Launched map tasks=131
		Launched reduce tasks=1
		Data-local map tasks=131
		Total time spent by all maps in occupied slots (ms)=2692784
		Total time spent by all reduces in occupied slots (ms)=1672509
		Total time spent by all map tasks (ms)=1346392
		Total time spent by all reduce tasks (ms)=557503
		Total vcore-milliseconds taken by all map tasks=1346392
		Total vcore-milliseconds taken by all reduce tasks=557503
		Total megabyte-milliseconds taken by all map tasks=8272232448
		Total megabyte-milliseconds taken by all reduce tasks=4567064576
	Map-Reduce Framework
		Time taken to read_SC (MILLIS)=138123
		Time taken to write_SC (MILLIS)=104
		Time taken to collect_SC (MILLIS)=33740
		Time taken to spill_SC (MILLIS)=98089
		Time taken to merge_SC (MILLIS)=1179
		Time taken to shuffle_SC (MILLIS)=478300
		Map input records=66432644
		Map output records=66432641
		Map output bytes=531461128
		Map output materialized bytes=664327196
		Input split bytes=15982
		Combine input records=0
		Combine output records=0
		Reduce input groups=24
		Reduce shuffle bytes=664327196
		Reduce input records=66432641
		Reduce output records=24
		Spilled Records=132865282
		Shuffled Maps =131
		Failed Shuffles=0
		Merged Map outputs=131
		GC time elapsed (ms)=23932
		CPU time spent (ms)=1422460
		Physical memory (bytes) snapshot=98812887040
		Virtual memory (bytes) snapshot=532648665088
		Total committed heap usage (bytes)=100776017920
		Peak Map Physical memory (bytes)=837971968
		Peak Map Virtual memory (bytes)=4011593728
		Peak Reduce Physical memory (bytes)=1723797504
		Peak Reduce Virtual memory (bytes)=8904269824
	Shuffle Errors
		BAD_ID=0
		CONNECTION=0
		IO_ERROR=0
		WRONG_LENGTH=0
		WRONG_MAP=0
		WRONG_REDUCE=0
	bdl.standrews.ac.uk.MedianStdDevDriver$MAP_RED_CUSTOM
		MAP_TIME_MILLIS=611130
		REDUCE_TIME_MILLIS=75757
	File Input Format Counters 
		Bytes Read=17505236425
	File Output Format Counters 
		Bytes Written=451
