2018-08-09 17:49:29,175 WARN util.NativeCodeLoader: Unable to load native-hadoop library for your platform... using builtin-java classes where applicable
2018-08-09 17:49:30,349 INFO client.RMProxy: Connecting to ResourceManager at /0.0.0.0:8032
2018-08-09 17:49:31,076 INFO mapreduce.JobResourceUploader: Disabling Erasure Coding for path: /tmp/hadoop-yarn/staging/sc306/.staging/job_1531350420733_0495
2018-08-09 17:49:31,324 INFO input.FileInputFormat: Total input files to process : 1
2018-08-09 17:49:31,417 INFO mapreduce.JobSubmitter: number of splits:94
2018-08-09 17:49:31,472 INFO Configuration.deprecation: yarn.resourcemanager.system-metrics-publisher.enabled is deprecated. Instead, use yarn.system-metrics-publisher.enabled
2018-08-09 17:49:31,609 INFO mapreduce.JobSubmitter: Submitting tokens for job: job_1531350420733_0495
2018-08-09 17:49:31,611 INFO mapreduce.JobSubmitter: Executing with tokens: []
2018-08-09 17:49:31,847 INFO conf.Configuration: resource-types.xml not found
2018-08-09 17:49:31,848 INFO resource.ResourceUtils: Unable to find 'resource-types.xml'.
2018-08-09 17:49:31,939 INFO impl.YarnClientImpl: Submitted application application_1531350420733_0495
2018-08-09 17:49:31,991 INFO mapreduce.Job: The url to track the job: http://localhost:8088/proxy/application_1531350420733_0495/
2018-08-09 17:49:31,992 INFO mapreduce.Job: Running job: job_1531350420733_0495
2018-08-09 17:50:42,385 INFO mapreduce.Job: Job job_1531350420733_0495 running in uber mode : false
2018-08-09 17:50:42,386 INFO mapreduce.Job:  map 0% reduce 0%
2018-08-09 17:51:04,578 INFO mapreduce.Job:  map 1% reduce 0%
2018-08-09 17:51:10,631 INFO mapreduce.Job:  map 2% reduce 0%
2018-08-09 17:51:14,668 INFO mapreduce.Job:  map 3% reduce 0%
2018-08-09 17:51:30,775 INFO mapreduce.Job:  map 4% reduce 0%
2018-08-09 17:51:36,826 INFO mapreduce.Job:  map 5% reduce 0%
2018-08-09 17:51:40,850 INFO mapreduce.Job:  map 6% reduce 0%
2018-08-09 17:51:58,947 INFO mapreduce.Job:  map 8% reduce 0%
2018-08-09 17:52:07,993 INFO mapreduce.Job:  map 9% reduce 0%
2018-08-09 17:52:08,998 INFO mapreduce.Job:  map 10% reduce 0%
2018-08-09 17:52:30,113 INFO mapreduce.Job:  map 11% reduce 0%
2018-08-09 17:52:35,136 INFO mapreduce.Job:  map 12% reduce 0%
2018-08-09 17:52:39,156 INFO mapreduce.Job:  map 13% reduce 0%
2018-08-09 17:52:53,236 INFO mapreduce.Job:  map 14% reduce 0%
2018-08-09 17:53:00,271 INFO mapreduce.Job:  map 15% reduce 0%
2018-08-09 17:53:08,308 INFO mapreduce.Job:  map 16% reduce 0%
2018-08-09 17:53:18,356 INFO mapreduce.Job:  map 17% reduce 0%
2018-08-09 17:53:26,401 INFO mapreduce.Job:  map 18% reduce 0%
2018-08-09 17:53:34,439 INFO mapreduce.Job:  map 19% reduce 0%
2018-08-09 17:53:45,486 INFO mapreduce.Job:  map 20% reduce 0%
2018-08-09 17:53:53,530 INFO mapreduce.Job:  map 21% reduce 0%
2018-08-09 17:54:00,570 INFO mapreduce.Job:  map 22% reduce 0%
2018-08-09 17:54:11,616 INFO mapreduce.Job:  map 23% reduce 0%
2018-08-09 17:54:19,655 INFO mapreduce.Job:  map 24% reduce 0%
2018-08-09 17:54:29,984 INFO mapreduce.Job:  map 25% reduce 0%
2018-08-09 17:54:36,010 INFO mapreduce.Job:  map 26% reduce 0%
2018-08-09 17:54:43,045 INFO mapreduce.Job:  map 27% reduce 0%
2018-08-09 17:54:59,112 INFO mapreduce.Job:  map 28% reduce 0%
2018-08-09 17:55:04,132 INFO mapreduce.Job:  map 29% reduce 0%
2018-08-09 17:55:09,160 INFO mapreduce.Job:  map 30% reduce 0%
2018-08-09 17:55:28,235 INFO mapreduce.Job:  map 31% reduce 0%
2018-08-09 17:55:30,251 INFO mapreduce.Job:  map 32% reduce 0%
2018-08-09 17:55:44,305 INFO mapreduce.Job:  map 33% reduce 0%
2018-08-09 17:55:50,329 INFO mapreduce.Job:  map 34% reduce 0%
2018-08-09 17:56:02,382 INFO mapreduce.Job:  map 35% reduce 0%
2018-08-09 17:56:08,407 INFO mapreduce.Job:  map 36% reduce 0%
2018-08-09 17:56:12,426 INFO mapreduce.Job:  map 37% reduce 0%
2018-08-09 17:56:27,480 INFO mapreduce.Job:  map 38% reduce 0%
2018-08-09 17:56:38,524 INFO mapreduce.Job:  map 39% reduce 0%
2018-08-09 17:56:44,548 INFO mapreduce.Job:  map 40% reduce 0%
2018-08-09 17:56:54,595 INFO mapreduce.Job:  map 41% reduce 0%
2018-08-09 17:56:59,617 INFO mapreduce.Job:  map 42% reduce 0%
2018-08-09 17:57:03,634 INFO mapreduce.Job:  map 43% reduce 0%
2018-08-09 17:57:13,698 INFO mapreduce.Job:  map 43% reduce 9%
2018-08-09 17:57:19,720 INFO mapreduce.Job:  map 43% reduce 11%
2018-08-09 17:57:24,738 INFO mapreduce.Job:  map 44% reduce 11%
2018-08-09 17:57:32,762 INFO mapreduce.Job:  map 45% reduce 11%
2018-08-09 17:57:37,779 INFO mapreduce.Job:  map 45% reduce 12%
2018-08-09 17:57:43,793 INFO mapreduce.Job:  map 45% reduce 15%
2018-08-09 17:58:14,886 INFO mapreduce.Job:  map 46% reduce 15%
2018-08-09 17:58:39,952 INFO mapreduce.Job:  map 47% reduce 15%
2018-08-09 17:58:45,969 INFO mapreduce.Job:  map 47% reduce 16%
2018-08-09 17:58:58,008 INFO mapreduce.Job:  map 48% reduce 16%
2018-08-09 17:59:27,091 INFO mapreduce.Job:  map 49% reduce 16%
2018-08-09 17:59:43,152 INFO mapreduce.Job:  map 50% reduce 16%
2018-08-09 17:59:50,171 INFO mapreduce.Job:  map 51% reduce 16%
2018-08-09 17:59:53,180 INFO mapreduce.Job:  map 51% reduce 17%
2018-08-09 18:00:06,218 INFO mapreduce.Job:  map 52% reduce 17%
2018-08-09 18:00:12,235 INFO mapreduce.Job:  map 53% reduce 17%
2018-08-09 18:00:17,260 INFO mapreduce.Job:  map 53% reduce 18%
2018-08-09 18:00:29,295 INFO mapreduce.Job:  map 54% reduce 18%
2018-08-09 18:00:35,313 INFO mapreduce.Job:  map 55% reduce 18%
2018-08-09 18:00:53,367 INFO mapreduce.Job:  map 56% reduce 18%
2018-08-09 18:00:59,385 INFO mapreduce.Job:  map 57% reduce 18%
2018-08-09 18:01:05,409 INFO mapreduce.Job:  map 57% reduce 19%
2018-08-09 18:01:16,441 INFO mapreduce.Job:  map 58% reduce 19%
2018-08-09 18:01:22,460 INFO mapreduce.Job:  map 59% reduce 19%
2018-08-09 18:01:24,467 INFO mapreduce.Job:  map 60% reduce 19%
2018-08-09 18:01:29,483 INFO mapreduce.Job:  map 60% reduce 20%
2018-08-09 18:01:40,515 INFO mapreduce.Job:  map 61% reduce 20%
2018-08-09 18:01:46,533 INFO mapreduce.Job:  map 62% reduce 20%
2018-08-09 18:01:47,536 INFO mapreduce.Job:  map 62% reduce 21%
2018-08-09 18:02:02,579 INFO mapreduce.Job:  map 63% reduce 21%
2018-08-09 18:02:08,598 INFO mapreduce.Job:  map 64% reduce 21%
2018-08-09 18:02:24,650 INFO mapreduce.Job:  map 65% reduce 21%
2018-08-09 18:02:30,667 INFO mapreduce.Job:  map 66% reduce 21%
2018-08-09 18:02:35,687 INFO mapreduce.Job:  map 66% reduce 22%
2018-08-09 18:02:46,718 INFO mapreduce.Job:  map 67% reduce 22%
2018-08-09 18:02:52,739 INFO mapreduce.Job:  map 68% reduce 22%
2018-08-09 18:02:54,746 INFO mapreduce.Job:  map 68% reduce 23%
2018-08-09 18:03:07,785 INFO mapreduce.Job:  map 69% reduce 23%
2018-08-09 18:03:21,632 INFO mapreduce.Job:  map 70% reduce 23%
2018-08-09 18:04:03,738 INFO mapreduce.Job:  map 71% reduce 23%
2018-08-09 18:04:09,754 INFO mapreduce.Job:  map 72% reduce 23%
2018-08-09 18:04:12,764 INFO mapreduce.Job:  map 72% reduce 24%
2018-08-09 18:04:25,800 INFO mapreduce.Job:  map 73% reduce 24%
2018-08-09 18:04:31,817 INFO mapreduce.Job:  map 74% reduce 24%
2018-08-09 18:04:37,836 INFO mapreduce.Job:  map 74% reduce 25%
2018-08-09 18:04:47,864 INFO mapreduce.Job:  map 75% reduce 25%
2018-08-09 18:04:53,878 INFO mapreduce.Job:  map 76% reduce 25%
2018-08-09 18:04:54,881 INFO mapreduce.Job:  map 77% reduce 25%
2018-08-09 18:05:01,900 INFO mapreduce.Job:  map 77% reduce 26%
2018-08-09 18:05:16,942 INFO mapreduce.Job:  map 78% reduce 26%
2018-08-09 18:05:18,948 INFO mapreduce.Job:  map 79% reduce 26%
2018-08-09 18:05:34,995 INFO mapreduce.Job:  map 80% reduce 26%
2018-08-09 18:05:41,012 INFO mapreduce.Job:  map 81% reduce 26%
2018-08-09 18:05:44,021 INFO mapreduce.Job:  map 81% reduce 27%
2018-08-09 18:05:58,059 INFO mapreduce.Job:  map 82% reduce 27%
2018-08-09 18:06:04,074 INFO mapreduce.Job:  map 83% reduce 27%
2018-08-09 18:06:08,088 INFO mapreduce.Job:  map 83% reduce 28%
2018-08-09 18:06:20,121 INFO mapreduce.Job:  map 84% reduce 28%
2018-08-09 18:06:26,135 INFO mapreduce.Job:  map 85% reduce 28%
2018-08-09 18:06:43,183 INFO mapreduce.Job:  map 86% reduce 28%
2018-08-09 18:06:49,199 INFO mapreduce.Job:  map 87% reduce 28%
2018-08-09 18:06:56,219 INFO mapreduce.Job:  map 87% reduce 29%
2018-08-09 18:07:05,244 INFO mapreduce.Job:  map 88% reduce 29%
2018-08-09 18:07:11,258 INFO mapreduce.Job:  map 89% reduce 29%
2018-08-09 18:07:14,266 INFO mapreduce.Job:  map 89% reduce 30%
2018-08-09 18:07:28,311 INFO mapreduce.Job:  map 90% reduce 30%
2018-08-09 18:07:52,363 INFO mapreduce.Job:  map 91% reduce 30%
2018-08-09 18:08:25,446 INFO mapreduce.Job:  map 92% reduce 30%
2018-08-09 18:08:31,460 INFO mapreduce.Job:  map 94% reduce 30%
2018-08-09 18:08:32,463 INFO mapreduce.Job:  map 94% reduce 31%
2018-08-09 18:08:47,507 INFO mapreduce.Job:  map 95% reduce 31%
2018-08-09 18:08:55,525 INFO mapreduce.Job:  map 96% reduce 31%
2018-08-09 18:08:56,530 INFO mapreduce.Job:  map 96% reduce 32%
2018-08-09 18:09:11,569 INFO mapreduce.Job:  map 97% reduce 32%
2018-08-09 18:09:17,586 INFO mapreduce.Job:  map 98% reduce 32%
2018-08-09 18:09:20,594 INFO mapreduce.Job:  map 98% reduce 33%
2018-08-09 18:09:33,628 INFO mapreduce.Job:  map 99% reduce 33%
2018-08-09 18:09:39,644 INFO mapreduce.Job:  map 100% reduce 33%
2018-08-09 18:09:44,655 INFO mapreduce.Job:  map 100% reduce 48%
2018-08-09 18:09:50,665 INFO mapreduce.Job:  map 100% reduce 67%
2018-08-09 18:11:08,850 INFO mapreduce.Job:  map 100% reduce 68%
2018-08-09 18:12:45,030 INFO mapreduce.Job:  map 100% reduce 69%
2018-08-09 18:14:15,198 INFO mapreduce.Job:  map 100% reduce 70%
2018-08-09 18:15:45,371 INFO mapreduce.Job:  map 100% reduce 71%
2018-08-09 18:17:15,531 INFO mapreduce.Job:  map 100% reduce 72%
2018-08-09 18:18:46,686 INFO mapreduce.Job:  map 100% reduce 73%
2018-08-09 18:20:16,845 INFO mapreduce.Job:  map 100% reduce 74%
2018-08-09 18:21:52,986 INFO mapreduce.Job:  map 100% reduce 75%
2018-08-09 18:23:29,122 INFO mapreduce.Job:  map 100% reduce 76%
2018-08-09 18:25:05,258 INFO mapreduce.Job:  map 100% reduce 77%
2018-08-09 18:26:41,385 INFO mapreduce.Job:  map 100% reduce 78%
2018-08-09 18:28:23,538 INFO mapreduce.Job:  map 100% reduce 79%
2018-08-09 18:29:59,684 INFO mapreduce.Job:  map 100% reduce 80%
2018-08-09 18:31:35,805 INFO mapreduce.Job:  map 100% reduce 81%
2018-08-09 18:33:12,933 INFO mapreduce.Job:  map 100% reduce 82%
2018-08-09 18:34:55,062 INFO mapreduce.Job:  map 100% reduce 83%
2018-08-09 18:36:31,184 INFO mapreduce.Job:  map 100% reduce 84%
2018-08-09 18:38:07,296 INFO mapreduce.Job:  map 100% reduce 85%
2018-08-09 18:39:43,397 INFO mapreduce.Job:  map 100% reduce 86%
2018-08-09 18:41:19,497 INFO mapreduce.Job:  map 100% reduce 87%
2018-08-09 18:43:01,606 INFO mapreduce.Job:  map 100% reduce 88%
2018-08-09 18:44:38,711 INFO mapreduce.Job:  map 100% reduce 89%
2018-08-09 18:46:14,823 INFO mapreduce.Job:  map 100% reduce 90%
2018-08-09 18:47:50,940 INFO mapreduce.Job:  map 100% reduce 91%
2018-08-09 18:49:27,052 INFO mapreduce.Job:  map 100% reduce 92%
2018-08-09 18:51:03,161 INFO mapreduce.Job:  map 100% reduce 93%
2018-08-09 18:52:39,269 INFO mapreduce.Job:  map 100% reduce 94%
2018-08-09 18:54:16,375 INFO mapreduce.Job:  map 100% reduce 95%
2018-08-09 18:55:52,477 INFO mapreduce.Job:  map 100% reduce 96%
2018-08-09 18:57:28,594 INFO mapreduce.Job:  map 100% reduce 97%
2018-08-09 18:59:04,696 INFO mapreduce.Job:  map 100% reduce 98%
2018-08-09 19:00:40,798 INFO mapreduce.Job:  map 100% reduce 99%
2018-08-09 19:02:16,894 INFO mapreduce.Job:  map 100% reduce 100%
2018-08-09 19:03:01,946 INFO mapreduce.Job: Job job_1531350420733_0495 completed successfully
2018-08-09 19:03:02,054 INFO mapreduce.Job: Counters: 62
	File System Counters
		FILE: Number of bytes read=25510685708
		FILE: Number of bytes written=38285784016
		FILE: Number of read operations=0
		FILE: Number of large read operations=0
		FILE: Number of write operations=0
		HDFS: Number of bytes read=12615347398
		HDFS: Number of bytes written=12612176964
		HDFS: Number of read operations=287
		HDFS: Number of large read operations=0
		HDFS: Number of write operations=2
	Job Counters 
		Killed map tasks=1
		Launched map tasks=95
		Launched reduce tasks=1
		Data-local map tasks=95
		Total time spent by all maps in occupied slots (ms)=5121200
		Total time spent by all reduces in occupied slots (ms)=11886855
		Total time spent by all map tasks (ms)=2560600
		Total time spent by all reduce tasks (ms)=3962285
		Total vcore-milliseconds taken by all map tasks=2560600
		Total vcore-milliseconds taken by all reduce tasks=3962285
		Total megabyte-milliseconds taken by all map tasks=15732326400
		Total megabyte-milliseconds taken by all reduce tasks=32459038720
	Map-Reduce Framework
		Time taken to read_SC (MILLIS)=126572
		Time taken to write_SC (MILLIS)=53282
		Time taken to collect_SC (MILLIS)=155993
		Time taken to spill_SC (MILLIS)=391753
		Time taken to merge_SC (MILLIS)=204944
		Time taken to shuffle_SC (MILLIS)=769032
		Map input records=10000000
		Map output records=9999998
		Map output bytes=12715353308
		Map output materialized bytes=12755342839
		Input split bytes=11562
		Combine input records=0
		Combine output records=0
		Reduce input groups=3299693
		Reduce shuffle bytes=12755342839
		Reduce input records=9999998
		Reduce output records=3299674
		Spilled Records=29999994
		Shuffled Maps =94
		Failed Shuffles=0
		Merged Map outputs=94
		GC time elapsed (ms)=32077
		CPU time spent (ms)=5856460
		Physical memory (bytes) snapshot=94686642176
		Virtual memory (bytes) snapshot=384896188416
		Total committed heap usage (bytes)=89930596352
		Peak Map Physical memory (bytes)=971218944
		Peak Map Virtual memory (bytes)=4012462080
		Peak Reduce Physical memory (bytes)=5523144704
		Peak Reduce Virtual memory (bytes)=8904265728
	Shuffle Errors
		BAD_ID=0
		CONNECTION=0
		IO_ERROR=0
		WRONG_LENGTH=0
		WRONG_MAP=0
		WRONG_REDUCE=0
	bdl.standrews.ac.uk.QuestionAnswerBuildingDriver$MAP_RED_CUSTOM
		MAP_TIME_MILLIS=1639403
		REDUCE_TIME_MILLIS=3109476
	File Input Format Counters 
		Bytes Read=12615335836
	File Output Format Counters 
		Bytes Written=12612176964

