2018-08-10 16:55:14,632 INFO mapreduce.JobResourceUploader: Disabling Erasure Coding for path: /tmp/hadoop-yarn/staging/sc306/.staging/job_1531350420733_0509
2018-08-10 16:55:14,884 INFO input.FileInputFormat: Total input files to process : 1
2018-08-10 16:55:14,930 INFO input.FileInputFormat: Total input files to process : 1
2018-08-10 16:55:15,026 INFO mapreduce.JobSubmitter: number of splits:152
2018-08-10 16:55:15,064 INFO Configuration.deprecation: yarn.resourcemanager.system-metrics-publisher.enabled is deprecated. Instead, use yarn.system-metrics-publisher.enabled
2018-08-10 16:55:15,226 INFO mapreduce.JobSubmitter: Submitting tokens for job: job_1531350420733_0509
2018-08-10 16:55:15,228 INFO mapreduce.JobSubmitter: Executing with tokens: []
2018-08-10 16:55:15,435 INFO conf.Configuration: resource-types.xml not found
2018-08-10 16:55:15,436 INFO resource.ResourceUtils: Unable to find 'resource-types.xml'.
2018-08-10 16:55:15,507 INFO impl.YarnClientImpl: Submitted application application_1531350420733_0509
2018-08-10 16:55:15,553 INFO mapreduce.Job: The url to track the job: http://localhost:8088/proxy/application_1531350420733_0509/
2018-08-10 16:55:15,554 INFO mapreduce.Job: Running job: job_1531350420733_0509
2018-08-10 17:43:51,208 INFO mapreduce.Job: Job job_1531350420733_0507 running in uber mode : false
2018-08-10 17:43:51,218 INFO mapreduce.Job:  map 0% reduce 0%
2018-08-10 17:44:08,045 INFO mapreduce.Job:  map 2% reduce 0%
2018-08-10 17:44:24,129 INFO mapreduce.Job:  map 4% reduce 0%
2018-08-10 17:44:40,210 INFO mapreduce.Job:  map 5% reduce 0%
2018-08-10 17:44:45,231 INFO mapreduce.Job:  map 6% reduce 0%
2018-08-10 17:44:59,304 INFO mapreduce.Job:  map 7% reduce 0%
2018-08-10 17:45:00,309 INFO mapreduce.Job:  map 8% reduce 0%
2018-08-10 17:45:13,372 INFO mapreduce.Job:  map 9% reduce 0%
2018-08-10 17:45:15,380 INFO mapreduce.Job:  map 10% reduce 0%
2018-08-10 17:45:30,476 INFO mapreduce.Job:  map 11% reduce 0%
2018-08-10 17:45:32,483 INFO mapreduce.Job:  map 12% reduce 0%
2018-08-10 17:45:51,571 INFO mapreduce.Job:  map 13% reduce 0%
2018-08-10 17:45:53,578 INFO mapreduce.Job:  map 14% reduce 0%
2018-08-10 17:46:09,652 INFO mapreduce.Job:  map 15% reduce 0%
2018-08-10 17:46:10,657 INFO mapreduce.Job:  map 16% reduce 0%
2018-08-10 17:46:27,731 INFO mapreduce.Job:  map 17% reduce 0%
2018-08-10 17:46:29,739 INFO mapreduce.Job:  map 18% reduce 0%
2018-08-10 17:46:45,804 INFO mapreduce.Job:  map 19% reduce 0%
2018-08-10 17:46:48,814 INFO mapreduce.Job:  map 20% reduce 0%
2018-08-10 17:47:04,878 INFO mapreduce.Job:  map 21% reduce 0%
2018-08-10 17:47:07,888 INFO mapreduce.Job:  map 22% reduce 0%
2018-08-10 17:47:22,942 INFO mapreduce.Job:  map 23% reduce 0%
2018-08-10 17:47:25,952 INFO mapreduce.Job:  map 24% reduce 0%
2018-08-10 17:47:40,013 INFO mapreduce.Job:  map 25% reduce 0%
2018-08-10 17:47:42,021 INFO mapreduce.Job:  map 26% reduce 0%
2018-08-10 17:47:54,066 INFO mapreduce.Job:  map 27% reduce 0%
2018-08-10 17:47:58,079 INFO mapreduce.Job:  map 28% reduce 0%
2018-08-10 17:48:11,125 INFO mapreduce.Job:  map 29% reduce 0%
2018-08-10 17:48:20,163 INFO mapreduce.Job:  map 30% reduce 0%
2018-08-10 17:48:32,197 INFO mapreduce.Job:  map 31% reduce 0%
2018-08-10 17:48:38,220 INFO mapreduce.Job:  map 32% reduce 0%
2018-08-10 17:48:51,261 INFO mapreduce.Job:  map 33% reduce 0%
2018-08-10 17:48:54,271 INFO mapreduce.Job:  map 34% reduce 0%
2018-08-10 17:49:10,326 INFO mapreduce.Job:  map 35% reduce 0%
2018-08-10 17:49:12,334 INFO mapreduce.Job:  map 36% reduce 0%
2018-08-10 17:49:28,405 INFO mapreduce.Job:  map 37% reduce 0%
2018-08-10 17:49:29,408 INFO mapreduce.Job:  map 38% reduce 0%
2018-08-10 17:49:45,467 INFO mapreduce.Job:  map 39% reduce 0%
2018-08-10 17:50:02,522 INFO mapreduce.Job:  map 41% reduce 0%
2018-08-10 17:50:05,532 INFO mapreduce.Job:  map 41% reduce 5%
2018-08-10 17:50:11,554 INFO mapreduce.Job:  map 41% reduce 7%
2018-08-10 17:50:19,579 INFO mapreduce.Job:  map 42% reduce 7%
2018-08-10 17:50:47,665 INFO mapreduce.Job:  map 42% reduce 9%
2018-08-10 17:50:53,679 INFO mapreduce.Job:  map 42% reduce 11%
2018-08-10 17:50:56,685 INFO mapreduce.Job:  map 43% reduce 11%
2018-08-10 17:51:20,111 INFO mapreduce.Job:  map 45% reduce 11%
2018-08-10 17:51:45,186 INFO mapreduce.Job:  map 45% reduce 12%
2018-08-10 17:51:51,206 INFO mapreduce.Job:  map 45% reduce 14%
2018-08-10 17:51:53,212 INFO mapreduce.Job:  map 46% reduce 14%
2018-08-10 17:51:57,221 INFO mapreduce.Job:  map 46% reduce 15%
2018-08-10 17:52:16,285 INFO mapreduce.Job:  map 47% reduce 15%
2018-08-10 17:52:34,323 INFO mapreduce.Job:  map 47% reduce 16%
2018-08-10 17:52:57,381 INFO mapreduce.Job:  map 49% reduce 16%
2018-08-10 17:53:13,421 INFO mapreduce.Job:  map 50% reduce 16%
2018-08-10 17:53:16,428 INFO mapreduce.Job:  map 50% reduce 17%
2018-08-10 17:53:26,457 INFO mapreduce.Job:  map 51% reduce 17%
2018-08-10 17:53:40,886 INFO mapreduce.Job:  map 52% reduce 17%
2018-08-10 17:53:42,892 INFO mapreduce.Job:  map 53% reduce 17%
2018-08-10 17:53:46,901 INFO mapreduce.Job:  map 53% reduce 18%
2018-08-10 17:53:58,936 INFO mapreduce.Job:  map 54% reduce 18%
2018-08-10 17:54:08,964 INFO mapreduce.Job:  map 55% reduce 18%
2018-08-10 17:54:25,006 INFO mapreduce.Job:  map 56% reduce 18%
2018-08-10 17:54:29,017 INFO mapreduce.Job:  map 56% reduce 19%
2018-08-10 17:54:32,028 INFO mapreduce.Job:  map 57% reduce 19%
2018-08-10 17:54:49,071 INFO mapreduce.Job:  map 58% reduce 19%
2018-08-10 17:55:27,154 INFO mapreduce.Job:  map 59% reduce 19%
2018-08-10 17:55:35,176 INFO mapreduce.Job:  map 59% reduce 20%
2018-08-10 17:55:42,193 INFO mapreduce.Job:  map 60% reduce 20%
2018-08-10 17:55:44,199 INFO mapreduce.Job:  map 61% reduce 20%
2018-08-10 17:55:58,237 INFO mapreduce.Job:  map 62% reduce 20%
2018-08-10 17:55:59,240 INFO mapreduce.Job:  map 62% reduce 21%
2018-08-10 17:56:13,271 INFO mapreduce.Job:  map 63% reduce 21%
2018-08-10 17:56:28,316 INFO mapreduce.Job:  map 64% reduce 21%
2018-08-10 17:56:41,348 INFO mapreduce.Job:  map 65% reduce 21%
2018-08-10 17:56:42,352 INFO mapreduce.Job:  map 65% reduce 22%
2018-08-10 17:56:44,357 INFO mapreduce.Job:  map 66% reduce 22%
2018-08-10 17:57:01,397 INFO mapreduce.Job:  map 67% reduce 22%
2018-08-10 17:57:09,417 INFO mapreduce.Job:  map 68% reduce 22%
2018-08-10 17:57:12,425 INFO mapreduce.Job:  map 68% reduce 23%
2018-08-10 17:57:24,453 INFO mapreduce.Job:  map 69% reduce 23%
2018-08-10 17:57:35,483 INFO mapreduce.Job:  map 70% reduce 23%
2018-08-10 17:57:51,643 INFO mapreduce.Job:  map 71% reduce 23%
2018-08-10 17:58:12,685 INFO mapreduce.Job:  map 71% reduce 24%
2018-08-10 17:58:25,710 INFO mapreduce.Job:  map 72% reduce 24%
2018-08-10 17:58:37,739 INFO mapreduce.Job:  map 73% reduce 24%
2018-08-10 17:58:46,760 INFO mapreduce.Job:  map 74% reduce 24%
2018-08-10 17:58:48,765 INFO mapreduce.Job:  map 74% reduce 25%
2018-08-10 17:59:00,796 INFO mapreduce.Job:  map 75% reduce 25%
2018-08-10 17:59:06,811 INFO mapreduce.Job:  map 76% reduce 25%
2018-08-10 17:59:22,850 INFO mapreduce.Job:  map 77% reduce 25%
2018-08-10 17:59:24,855 INFO mapreduce.Job:  map 77% reduce 26%
2018-08-10 17:59:30,871 INFO mapreduce.Job:  map 78% reduce 26%
2018-08-10 17:59:45,910 INFO mapreduce.Job:  map 79% reduce 26%
2018-08-10 17:59:52,926 INFO mapreduce.Job:  map 80% reduce 26%
2018-08-10 17:59:54,931 INFO mapreduce.Job:  map 80% reduce 27%
2018-08-10 18:00:07,962 INFO mapreduce.Job:  map 81% reduce 27%
2018-08-10 18:00:15,980 INFO mapreduce.Job:  map 82% reduce 27%
2018-08-10 18:00:32,018 INFO mapreduce.Job:  map 83% reduce 27%
2018-08-10 18:00:37,029 INFO mapreduce.Job:  map 83% reduce 28%
2018-08-10 18:00:39,034 INFO mapreduce.Job:  map 84% reduce 28%
2018-08-10 18:00:57,074 INFO mapreduce.Job:  map 85% reduce 28%
2018-08-10 18:01:35,147 INFO mapreduce.Job:  map 86% reduce 28%
2018-08-10 18:01:38,153 INFO mapreduce.Job:  map 86% reduce 29%
2018-08-10 18:01:51,182 INFO mapreduce.Job:  map 87% reduce 29%
2018-08-10 18:02:00,208 INFO mapreduce.Job:  map 88% reduce 29%
2018-08-10 18:02:15,247 INFO mapreduce.Job:  map 89% reduce 29%
2018-08-10 18:02:21,260 INFO mapreduce.Job:  map 89% reduce 30%
2018-08-10 18:02:30,284 INFO mapreduce.Job:  map 90% reduce 30%
2018-08-10 18:02:35,296 INFO mapreduce.Job:  map 91% reduce 30%
2018-08-10 18:02:53,337 INFO mapreduce.Job:  map 92% reduce 30%
2018-08-10 18:02:57,347 INFO mapreduce.Job:  map 93% reduce 31%
2018-08-10 18:03:13,398 INFO mapreduce.Job:  map 94% reduce 31%
2018-08-10 18:03:23,421 INFO mapreduce.Job:  map 95% reduce 31%
2018-08-10 18:03:27,431 INFO mapreduce.Job:  map 95% reduce 32%
2018-08-10 18:03:37,454 INFO mapreduce.Job:  map 96% reduce 32%
2018-08-10 18:03:41,462 INFO mapreduce.Job:  map 97% reduce 32%
2018-08-10 18:04:01,512 INFO mapreduce.Job:  map 98% reduce 32%
2018-08-10 18:04:09,527 INFO mapreduce.Job:  map 98% reduce 33%
2018-08-10 18:04:26,558 INFO mapreduce.Job:  map 99% reduce 33%
2018-08-10 18:04:45,591 INFO mapreduce.Job:  map 100% reduce 33%
2018-08-10 18:04:51,601 INFO mapreduce.Job:  map 100% reduce 51%
2018-08-10 18:04:57,613 INFO mapreduce.Job:  map 100% reduce 67%
2018-08-10 18:05:27,676 INFO mapreduce.Job:  map 100% reduce 68%
2018-08-10 18:06:04,746 INFO mapreduce.Job:  map 100% reduce 69%
2018-08-10 18:06:46,824 INFO mapreduce.Job:  map 100% reduce 70%
2018-08-10 18:07:22,895 INFO mapreduce.Job:  map 100% reduce 71%
2018-08-10 18:07:58,965 INFO mapreduce.Job:  map 100% reduce 72%
2018-08-10 18:08:41,044 INFO mapreduce.Job:  map 100% reduce 73%
2018-08-10 18:09:17,112 INFO mapreduce.Job:  map 100% reduce 74%
2018-08-10 18:09:59,184 INFO mapreduce.Job:  map 100% reduce 75%
2018-08-10 18:10:41,256 INFO mapreduce.Job:  map 100% reduce 76%
2018-08-10 18:11:17,315 INFO mapreduce.Job:  map 100% reduce 77%
2018-08-10 18:11:59,395 INFO mapreduce.Job:  map 100% reduce 78%
2018-08-10 18:12:42,481 INFO mapreduce.Job:  map 100% reduce 79%
2018-08-10 18:13:18,547 INFO mapreduce.Job:  map 100% reduce 80%
2018-08-10 18:14:00,624 INFO mapreduce.Job:  map 100% reduce 81%
2018-08-10 18:14:42,697 INFO mapreduce.Job:  map 100% reduce 82%
2018-08-10 18:15:24,769 INFO mapreduce.Job:  map 100% reduce 83%
2018-08-10 18:16:00,834 INFO mapreduce.Job:  map 100% reduce 84%
2018-08-10 18:16:36,894 INFO mapreduce.Job:  map 100% reduce 85%
2018-08-10 18:17:18,966 INFO mapreduce.Job:  map 100% reduce 86%
2018-08-10 18:17:55,028 INFO mapreduce.Job:  map 100% reduce 87%
2018-08-10 18:18:37,099 INFO mapreduce.Job:  map 100% reduce 88%
2018-08-10 18:19:19,173 INFO mapreduce.Job:  map 100% reduce 89%
2018-08-10 18:20:01,281 INFO mapreduce.Job:  map 100% reduce 90%
2018-08-10 18:20:37,344 INFO mapreduce.Job:  map 100% reduce 91%
2018-08-10 18:21:13,560 INFO mapreduce.Job:  map 100% reduce 92%
2018-08-10 18:21:49,616 INFO mapreduce.Job:  map 100% reduce 93%
2018-08-10 18:22:31,690 INFO mapreduce.Job:  map 100% reduce 94%
2018-08-10 18:23:07,753 INFO mapreduce.Job:  map 100% reduce 95%
2018-08-10 18:23:43,817 INFO mapreduce.Job:  map 100% reduce 96%
2018-08-10 18:24:19,878 INFO mapreduce.Job:  map 100% reduce 97%
2018-08-10 18:24:55,940 INFO mapreduce.Job:  map 100% reduce 98%
2018-08-10 18:25:32,004 INFO mapreduce.Job:  map 100% reduce 99%
2018-08-10 18:26:08,068 INFO mapreduce.Job:  map 100% reduce 100%
2018-08-10 18:26:25,104 INFO mapreduce.Job: Job job_1531350420733_0507 completed successfully
2018-08-10 18:26:26,918 INFO mapreduce.Job: Counters: 62
	File System Counters
		FILE: Number of bytes read=42057055387
		FILE: Number of bytes written=63146937226
		FILE: Number of read operations=0
		FILE: Number of large read operations=0
		FILE: Number of write operations=0
		HDFS: Number of bytes read=20313669770
		HDFS: Number of bytes written=56371881452
		HDFS: Number of read operations=461
		HDFS: Number of large read operations=0
		HDFS: Number of write operations=2
	Job Counters 
		Killed map tasks=1
		Launched map tasks=152
		Launched reduce tasks=1
		Data-local map tasks=152
		Total time spent by all maps in occupied slots (ms)=5390862
		Total time spent by all reduces in occupied slots (ms)=6584229
		Total time spent by all map tasks (ms)=2695431
		Total time spent by all reduce tasks (ms)=2194743
		Total vcore-milliseconds taken by all map tasks=2695431
		Total vcore-milliseconds taken by all reduce tasks=2194743
		Total megabyte-milliseconds taken by all map tasks=16560728064
		Total megabyte-milliseconds taken by all reduce tasks=17979334656
	Map-Reduce Framework
		Time taken to read_SC (MILLIS)=217964
		Time taken to write_SC (MILLIS)=292844
		Time taken to collect_SC (MILLIS)=324640
		Time taken to spill_SC (MILLIS)=683344
		Time taken to merge_SC (MILLIS)=461575
		Time taken to shuffle_SC (MILLIS)=901284
		Map input records=75350154
		Map output records=74640306
		Map output bytes=20800223650
		Map output materialized bytes=21058048367
		Input split bytes=44059
		Combine input records=0
		Combine output records=0
		Reduce input groups=8917516
		Reduce shuffle bytes=21058048367
		Reduce input records=74640306
		Reduce output records=65722799
		Spilled Records=223708298
		Shuffled Maps =152
		Failed Shuffles=0
		Merged Map outputs=152
		GC time elapsed (ms)=42266
		CPU time spent (ms)=3124730
		Physical memory (bytes) snapshot=142412271616
		Virtual memory (bytes) snapshot=616645443584
		Total committed heap usage (bytes)=143145828352
		Peak Map Physical memory (bytes)=951271424
		Peak Map Virtual memory (bytes)=4013740032
		Peak Reduce Physical memory (bytes)=6901993472
		Peak Reduce Virtual memory (bytes)=8914800640
	Shuffle Errors
		BAD_ID=0
		CONNECTION=0
		IO_ERROR=0
		WRONG_LENGTH=0
		WRONG_MAP=0
		WRONG_REDUCE=0
	bdl.standrews.ac.uk.ReduceSideJoinDriver$MAP_RED_CUSTOM
		MAP_TIME_MILLIS=908133
		REDUCE_TIME_MILLIS=1162316
	File Input Format Counters 
		Bytes Read=0
	File Output Format Counters 
		Bytes Written=56371881452
