2018-08-09 20:25:35,684 WARN util.NativeCodeLoader: Unable to load native-hadoop library for your platform... using builtin-java classes where applicable
2018-08-09 20:25:36,746 INFO client.RMProxy: Connecting to ResourceManager at /0.0.0.0:8032
2018-08-09 20:25:37,405 INFO mapreduce.JobResourceUploader: Disabling Erasure Coding for path: /tmp/hadoop-yarn/staging/sc306/.staging/job_1531350420733_0496
2018-08-09 20:25:37,627 INFO input.FileInputFormat: Total input files to process : 1
2018-08-09 20:25:37,678 INFO mapreduce.JobSubmitter: number of splits:21
2018-08-09 20:25:37,716 INFO Configuration.deprecation: yarn.resourcemanager.system-metrics-publisher.enabled is deprecated. Instead, use yarn.system-metrics-publisher.enabled
2018-08-09 20:25:37,824 INFO mapreduce.JobSubmitter: Submitting tokens for job: job_1531350420733_0496
2018-08-09 20:25:37,826 INFO mapreduce.JobSubmitter: Executing with tokens: []
2018-08-09 20:25:38,034 INFO conf.Configuration: resource-types.xml not found
2018-08-09 20:25:38,035 INFO resource.ResourceUtils: Unable to find 'resource-types.xml'.
2018-08-09 20:25:38,106 INFO impl.YarnClientImpl: Submitted application application_1531350420733_0496
2018-08-09 20:25:38,152 INFO mapreduce.Job: The url to track the job: http://localhost:8088/proxy/application_1531350420733_0496/
2018-08-09 20:25:38,153 INFO mapreduce.Job: Running job: job_1531350420733_0496
2018-08-09 20:25:46,289 INFO mapreduce.Job: Job job_1531350420733_0496 running in uber mode : false
2018-08-09 20:25:46,290 INFO mapreduce.Job:  map 0% reduce 0%
2018-08-09 20:26:02,479 INFO mapreduce.Job:  map 14% reduce 0%
2018-08-09 20:26:18,610 INFO mapreduce.Job:  map 24% reduce 0%
2018-08-09 20:26:19,616 INFO mapreduce.Job:  map 29% reduce 0%
2018-08-09 20:26:34,718 INFO mapreduce.Job:  map 38% reduce 0%
2018-08-09 20:26:37,735 INFO mapreduce.Job:  map 43% reduce 0%
2018-08-09 20:26:49,810 INFO mapreduce.Job:  map 52% reduce 0%
2018-08-09 20:26:54,833 INFO mapreduce.Job:  map 52% reduce 2%
2018-08-09 20:27:06,897 INFO mapreduce.Job:  map 62% reduce 2%
2018-08-09 20:27:24,994 INFO mapreduce.Job:  map 71% reduce 2%
2018-08-09 20:27:39,061 INFO mapreduce.Job:  map 81% reduce 2%
2018-08-09 20:27:43,078 INFO mapreduce.Job:  map 81% reduce 3%
2018-08-09 20:27:53,124 INFO mapreduce.Job:  map 86% reduce 3%
2018-08-09 20:27:54,129 INFO mapreduce.Job:  map 90% reduce 3%
2018-08-09 20:28:07,189 INFO mapreduce.Job:  map 100% reduce 3%
2018-08-09 20:28:13,222 INFO mapreduce.Job:  map 100% reduce 8%
2018-08-09 20:28:15,232 INFO mapreduce.Job:  map 100% reduce 10%
2018-08-09 20:28:20,254 INFO mapreduce.Job:  map 100% reduce 20%
2018-08-09 20:28:28,287 INFO mapreduce.Job:  map 100% reduce 30%
2018-08-09 20:28:32,306 INFO mapreduce.Job:  map 100% reduce 40%
2018-08-09 20:28:40,341 INFO mapreduce.Job:  map 100% reduce 50%
2018-08-09 20:28:44,356 INFO mapreduce.Job:  map 100% reduce 60%
2018-08-09 20:28:52,389 INFO mapreduce.Job:  map 100% reduce 70%
2018-08-09 20:29:02,426 INFO mapreduce.Job:  map 100% reduce 80%
2018-08-09 20:29:06,442 INFO mapreduce.Job:  map 100% reduce 90%
2018-08-09 20:29:14,471 INFO mapreduce.Job:  map 100% reduce 100%
2018-08-09 20:29:15,478 INFO mapreduce.Job: Job job_1531350420733_0496 completed successfully
2018-08-09 20:29:15,598 INFO mapreduce.Job: Counters: 63
	File System Counters
		FILE: Number of bytes read=5251413754
		FILE: Number of bytes written=7882354479
		FILE: Number of read operations=0
		FILE: Number of large read operations=0
		FILE: Number of write operations=0
		HDFS: Number of bytes read=2808391890
		HDFS: Number of bytes written=2541398809
		HDFS: Number of read operations=113
		HDFS: Number of large read operations=0
		HDFS: Number of write operations=20
	Job Counters 
		Killed map tasks=1
		Killed reduce tasks=1
		Launched map tasks=21
		Launched reduce tasks=10
		Data-local map tasks=21
		Total time spent by all maps in occupied slots (ms)=611298
		Total time spent by all reduces in occupied slots (ms)=624048
		Total time spent by all map tasks (ms)=305649
		Total time spent by all reduce tasks (ms)=208016
		Total vcore-milliseconds taken by all map tasks=305649
		Total vcore-milliseconds taken by all reduce tasks=208016
		Total megabyte-milliseconds taken by all map tasks=1877907456
		Total megabyte-milliseconds taken by all reduce tasks=1704067072
	Map-Reduce Framework
		Time taken to read_SC (MILLIS)=22158
		Time taken to write_SC (MILLIS)=17570
		Time taken to collect_SC (MILLIS)=21868
		Time taken to spill_SC (MILLIS)=52717
		Time taken to merge_SC (MILLIS)=41887
		Time taken to shuffle_SC (MILLIS)=128659
		Map input records=8917510
		Map output records=8917508
		Map output bytes=2592198569
		Map output materialized bytes=2625306132
		Input split bytes=2604
		Combine input records=0
		Combine output records=0
		Reduce input groups=8908382
		Reduce shuffle bytes=2625306132
		Reduce input records=8917508
		Reduce output records=8917508
		Spilled Records=26752524
		Shuffled Maps =210
		Failed Shuffles=0
		Merged Map outputs=210
		GC time elapsed (ms)=9076
		CPU time spent (ms)=480250
		Physical memory (bytes) snapshot=27715751936
		Virtual memory (bytes) snapshot=173030686720
		Total committed heap usage (bytes)=31175737344
		Peak Map Physical memory (bytes)=953143296
		Peak Map Virtual memory (bytes)=4012658688
		Peak Reduce Physical memory (bytes)=834117632
		Peak Reduce Virtual memory (bytes)=8915681280
	Shuffle Errors
		BAD_ID=0
		CONNECTION=0
		IO_ERROR=0
		WRONG_LENGTH=0
		WRONG_MAP=0
		WRONG_REDUCE=0
	bdl.standrews.ac.uk.AnonymizeDriver$MAP_RED_CUSTOM
		MAP_TIME_MILLIS=130825
		REDUCE_TIME_MILLIS=18561
	File Input Format Counters 
		Bytes Read=2808389286
	File Output Format Counters 
		Bytes Written=2541398809
