2018-08-09 17:46:20,061 INFO Configuration.deprecation: mapred.textoutputformat.separator is deprecated. Instead, use mapreduce.output.textoutputformat.separator
2018-08-09 17:46:20,111 INFO input.FileInputFormat: Total input files to process : 21
2018-08-09 17:46:55,245 INFO partition.InputSampler: Using 10000 samples
2018-08-09 17:46:55,294 INFO compress.CodecPool: Got brand-new compressor [.deflate]
2018-08-09 17:46:55,322 INFO client.RMProxy: Connecting to ResourceManager at /0.0.0.0:8032
2018-08-09 17:46:55,332 INFO mapreduce.JobResourceUploader: Disabling Erasure Coding for path: /tmp/hadoop-yarn/staging/sc306/.staging/job_1531350420733_0494
2018-08-09 17:46:55,352 INFO input.FileInputFormat: Total input files to process : 21
2018-08-09 17:46:55,369 INFO mapreduce.JobSubmitter: number of splits:30
2018-08-09 17:46:55,399 INFO mapreduce.JobSubmitter: Submitting tokens for job: job_1531350420733_0494
2018-08-09 17:46:55,399 INFO mapreduce.JobSubmitter: Executing with tokens: []
2018-08-09 17:46:55,413 INFO impl.YarnClientImpl: Submitted application application_1531350420733_0494
2018-08-09 17:46:55,415 INFO mapreduce.Job: The url to track the job: http://localhost:8088/proxy/application_1531350420733_0494/
2018-08-09 17:46:55,416 INFO mapreduce.Job: Running job: job_1531350420733_0494
2018-08-09 17:47:03,528 INFO mapreduce.Job: Job job_1531350420733_0494 running in uber mode : false
2018-08-09 17:47:03,528 INFO mapreduce.Job:  map 0% reduce 0%
2018-08-09 17:47:16,620 INFO mapreduce.Job:  map 10% reduce 0%
2018-08-09 17:47:28,699 INFO mapreduce.Job:  map 20% reduce 0%
2018-08-09 17:47:44,792 INFO mapreduce.Job:  map 30% reduce 0%
2018-08-09 17:47:55,936 INFO mapreduce.Job:  map 40% reduce 0%
2018-08-09 17:48:07,996 INFO mapreduce.Job:  map 47% reduce 0%
2018-08-09 17:48:09,002 INFO mapreduce.Job:  map 50% reduce 0%
2018-08-09 17:48:22,053 INFO mapreduce.Job:  map 53% reduce 0%
2018-08-09 17:48:24,063 INFO mapreduce.Job:  map 57% reduce 2%
2018-08-09 17:48:34,105 INFO mapreduce.Job:  map 60% reduce 2%
2018-08-09 17:48:36,115 INFO mapreduce.Job:  map 63% reduce 2%
2018-08-09 17:48:47,153 INFO mapreduce.Job:  map 67% reduce 2%
2018-08-09 17:48:49,160 INFO mapreduce.Job:  map 70% reduce 2%
2018-08-09 17:48:52,170 INFO mapreduce.Job:  map 73% reduce 2%
2018-08-09 17:48:58,195 INFO mapreduce.Job:  map 77% reduce 2%
2018-08-09 17:48:59,199 INFO mapreduce.Job:  map 80% reduce 2%
2018-08-09 17:49:01,206 INFO mapreduce.Job:  map 80% reduce 3%
2018-08-09 17:49:03,213 INFO mapreduce.Job:  map 83% reduce 3%
2018-08-09 17:49:04,217 INFO mapreduce.Job:  map 87% reduce 3%
2018-08-09 17:49:09,234 INFO mapreduce.Job:  map 90% reduce 3%
2018-08-09 17:49:11,242 INFO mapreduce.Job:  map 93% reduce 3%
2018-08-09 17:49:14,252 INFO mapreduce.Job:  map 97% reduce 3%
2018-08-09 17:49:16,260 INFO mapreduce.Job:  map 100% reduce 3%
2018-08-09 17:49:19,270 INFO mapreduce.Job:  map 100% reduce 7%
2018-08-09 17:49:22,289 INFO mapreduce.Job:  map 100% reduce 10%
2018-08-09 17:49:31,342 INFO mapreduce.Job:  map 100% reduce 20%
2018-08-09 17:49:35,356 INFO mapreduce.Job:  map 100% reduce 30%
2018-08-09 17:49:44,407 INFO mapreduce.Job:  map 100% reduce 40%
2018-08-09 17:49:48,424 INFO mapreduce.Job:  map 100% reduce 50%
2018-08-09 17:49:57,458 INFO mapreduce.Job:  map 100% reduce 60%
2018-08-09 17:50:03,484 INFO mapreduce.Job:  map 100% reduce 70%
2018-08-09 17:50:14,529 INFO mapreduce.Job:  map 100% reduce 80%
2018-08-09 17:50:20,559 INFO mapreduce.Job:  map 100% reduce 90%
2018-08-09 17:50:29,589 INFO mapreduce.Job:  map 100% reduce 100%
2018-08-09 17:50:29,592 INFO mapreduce.Job: Job job_1531350420733_0494 completed successfully
2018-08-09 17:50:29,632 INFO mapreduce.Job: Counters: 62
	File System Counters
		FILE: Number of bytes read=5994652352
		FILE: Number of bytes written=9065218670
		FILE: Number of read operations=0
		FILE: Number of large read operations=0
		FILE: Number of write operations=0
		HDFS: Number of bytes read=3101741930
		HDFS: Number of bytes written=2799389799
		HDFS: Number of read operations=230
		HDFS: Number of large read operations=0
		HDFS: Number of write operations=20
	Job Counters 
		Killed map tasks=1
		Killed reduce tasks=1
		Launched map tasks=30
		Launched reduce tasks=10
		Data-local map tasks=30
		Total time spent by all maps in occupied slots (ms)=605556
		Total time spent by all reduces in occupied slots (ms)=591690
		Total time spent by all map tasks (ms)=302778
		Total time spent by all reduce tasks (ms)=197230
		Total vcore-milliseconds taken by all map tasks=302778
		Total vcore-milliseconds taken by all reduce tasks=197230
		Total megabyte-milliseconds taken by all map tasks=1860268032
		Total megabyte-milliseconds taken by all reduce tasks=1615708160
	Map-Reduce Framework
		Time taken to read_SC (MILLIS)=65371
		Time taken to write_SC (MILLIS)=17855
		Time taken to collect_SC (MILLIS)=34424
		Time taken to spill_SC (MILLIS)=72716
		Time taken to merge_SC (MILLIS)=48198
		Time taken to shuffle_SC (MILLIS)=111237
		Map input records=8917507
		Map output records=8917507
		Map output bytes=3029386699
		Map output materialized bytes=3063231196
		Input split bytes=4500
		Combine input records=0
		Combine output records=0
		Reduce input groups=8908384
		Reduce shuffle bytes=3063231196
		Reduce input records=8917507
		Reduce output records=8917507
		Spilled Records=26339911
		Shuffled Maps =300
		Failed Shuffles=0
		Merged Map outputs=300
		GC time elapsed (ms)=9546
		CPU time spent (ms)=442930
		Physical memory (bytes) snapshot=23066423296
		Virtual memory (bytes) snapshot=209094213632
		Total committed heap usage (bytes)=26153058304
		Peak Map Physical memory (bytes)=559009792
		Peak Map Virtual memory (bytes)=4010246144
		Peak Reduce Physical memory (bytes)=940003328
		Peak Reduce Virtual memory (bytes)=8918765568
	Shuffle Errors
		BAD_ID=0
		CONNECTION=0
		IO_ERROR=0
		WRONG_LENGTH=0
		WRONG_MAP=0
		WRONG_REDUCE=0
	bdl.standrews.ac.uk.TotalOrderSorting$MAP_RED_CUSTOM
		REDUCE_TIME_MILLIS=18616
	File Input Format Counters 
		Bytes Read=3101722760
	File Output Format Counters 
		Bytes Written=2799389799
2018-08-09 17:50:29,635 INFO uk.TotalOrderSorting: MAPTIME
2018-08-09 17:50:29,636 INFO uk.TotalOrderSorting: REDTIME
MAPTIME 103068
REDTIME 0

